Log file open, 11/29/20 20:44:13
LogInit: Display: Running engine for game: ToonTanks
LogPlatformFile: Not using cached read wrapper
LogTaskGraph: Started task graph with 5 named threads and 23 total threads with 3 sets of task threads.
LogStats: Stats thread started at 4.278738
LogD3D11RHI: Loaded GFSDK_Aftermath_Lib.x64.dll
LogICUInternationalization: ICU TimeZone Detection - Raw Offset: +2:00, Platform Override: ''
LogPluginManager: Mounting plugin Paper2D
LogPluginManager: Mounting plugin AISupport
LogPluginManager: Mounting plugin LightPropagationVolume
LogPluginManager: Mounting plugin CameraShakePreviewer
LogPluginManager: Mounting plugin ActorLayerUtilities
LogPluginManager: Mounting plugin AnimationSharing
LogPluginManager: Mounting plugin CLionSourceCodeAccess
LogPluginManager: Mounting plugin CodeLiteSourceCodeAccess
LogPluginManager: Mounting plugin GitSourceControl
LogPluginManager: Mounting plugin KDevelopSourceCodeAccess
LogPluginManager: Mounting plugin NullSourceCodeAccess
LogPluginManager: Mounting plugin PerforceSourceControl
LogPluginManager: Mounting plugin PlasticSourceControl
LogPluginManager: Mounting plugin RiderSourceCodeAccess
LogPluginManager: Mounting plugin SubversionSourceControl
LogPluginManager: Mounting plugin UObjectPlugin
LogPluginManager: Mounting plugin VisualStudioCodeSourceCodeAccess
LogPluginManager: Mounting plugin VisualStudioSourceCodeAccess
LogPluginManager: Mounting plugin XCodeSourceCodeAccess
LogPluginManager: Mounting plugin AssetManagerEditor
LogPluginManager: Mounting plugin CryptoKeys
LogPluginManager: Mounting plugin CurveEditorTools
LogPluginManager: Mounting plugin DataValidation
LogPluginManager: Mounting plugin EditorScriptingUtilities
LogPluginManager: Mounting plugin FacialAnimation
LogPluginManager: Mounting plugin GameplayTagsEditor
LogPluginManager: Mounting plugin GeometryMode
LogPluginManager: Mounting plugin MacGraphicsSwitching
LogPluginManager: Mounting plugin MaterialAnalyzer
LogPluginManager: Mounting plugin MobileLauncherProfileWizard
LogPluginManager: Mounting plugin PluginBrowser
LogPluginManager: Mounting plugin SpeedTreeImporter
LogPluginManager: Mounting plugin DatasmithContent
LogPluginManager: Mounting plugin VariantManagerContent
LogPluginManager: Mounting plugin AlembicImporter
LogPluginManager: Mounting plugin AutomationUtils
LogPluginManager: Mounting plugin BackChannel
LogPluginManager: Mounting plugin ChaosCloth
LogPluginManager: Mounting plugin ChaosClothEditor
LogPluginManager: Mounting plugin ChaosEditor
LogPluginManager: Mounting plugin ChaosNiagara
LogPluginManager: Mounting plugin ChaosSolverPlugin
LogPluginManager: Mounting plugin CharacterAI
LogPluginManager: Mounting plugin GeometryCache
LogPluginManager: Mounting plugin GeometryCollectionPlugin
LogPluginManager: Mounting plugin GeometryProcessing
LogPluginManager: Mounting plugin PlanarCut
LogPluginManager: Mounting plugin PlatformCrypto
LogPluginManager: Mounting plugin ProxyLODPlugin
LogPluginManager: Mounting plugin SkeletalReduction
LogPluginManager: Mounting plugin Niagara
LogPluginManager: Mounting plugin MagicLeap
LogPluginManager: Mounting plugin MagicLeapLightEstimation
LogPluginManager: Mounting plugin MagicLeapMedia
LogPluginManager: Mounting plugin MagicLeapPassableWorld
LogPluginManager: Mounting plugin MLSDK
LogPluginManager: Mounting plugin AndroidMedia
LogPluginManager: Mounting plugin AvfMedia
LogPluginManager: Mounting plugin ImgMedia
LogPluginManager: Mounting plugin MediaCompositing
LogPluginManager: Mounting plugin MediaPlayerEditor
LogPluginManager: Mounting plugin WebMMedia
LogPluginManager: Mounting plugin WmfMedia
LogPluginManager: Mounting plugin MeshPainting
LogPluginManager: Mounting plugin TcpMessaging
LogPluginManager: Mounting plugin UdpMessaging
LogPluginManager: Mounting plugin ActorSequence
LogPluginManager: Mounting plugin LevelSequenceEditor
LogPluginManager: Mounting plugin MatineeToLevelSequence
LogPluginManager: Mounting plugin MovieRenderPipeline
LogPluginManager: Mounting plugin TemplateSequence
LogPluginManager: Mounting plugin NetcodeUnitTest
LogPluginManager: Mounting plugin NUTUnrealEngine4
LogPluginManager: Mounting plugin OnlineSubsystemGooglePlay
LogPluginManager: Mounting plugin OnlineSubsystemIOS
LogPluginManager: Mounting plugin OnlineSubsystem
LogPluginManager: Mounting plugin OnlineSubsystemNull
LogPluginManager: Mounting plugin OnlineSubsystemUtils
LogPluginManager: Mounting plugin LauncherChunkInstaller
LogPluginManager: Mounting plugin AndroidDeviceProfileSelector
LogPluginManager: Mounting plugin AndroidMoviePlayer
LogPluginManager: Mounting plugin AndroidPermission
LogPluginManager: Mounting plugin AppleImageUtils
LogPluginManager: Mounting plugin AppleMoviePlayer
LogPluginManager: Mounting plugin ArchVisCharacter
LogPluginManager: Mounting plugin AssetTags
LogPluginManager: Mounting plugin AudioCapture
LogPluginManager: Mounting plugin CableComponent
LogPluginManager: Mounting plugin CustomMeshComponent
LogPluginManager: Mounting plugin EditableMesh
LogPluginManager: Mounting plugin ExampleDeviceProfileSelector
LogPluginManager: Mounting plugin GoogleCloudMessaging
LogPluginManager: Mounting plugin GooglePAD
LogPluginManager: Mounting plugin IOSDeviceProfileSelector
LogPluginManager: Mounting plugin LinuxDeviceProfileSelector
LogPluginManager: Mounting plugin LocationServicesBPLibrary
LogPluginManager: Mounting plugin MobilePatchingUtils
LogPluginManager: Mounting plugin OculusVR
LogPluginManager: Mounting plugin PhysXVehicles
LogPluginManager: Mounting plugin PostSplashScreen
LogPluginManager: Mounting plugin ProceduralMeshComponent
LogPluginManager: Mounting plugin RuntimePhysXCooking
LogPluginManager: Mounting plugin SignificanceManager
LogPluginManager: Mounting plugin SoundFields
LogPluginManager: Mounting plugin SteamVR
LogPluginManager: Mounting plugin Synthesis
LogPluginManager: Mounting plugin WebMMoviePlayer
LogPluginManager: Mounting plugin WindowsMoviePlayer
LogPluginManager: Mounting plugin ScreenshotTools
LogInit: Using libcurl 7.55.1-DEV
LogInit:  - built for x86_64-pc-win32
LogInit:  - supports SSL with OpenSSL/1.1.1
LogInit:  - supports HTTP deflate (compression) using libz 1.2.8
LogInit:  - other features:
LogInit:      CURL_VERSION_SSL
LogInit:      CURL_VERSION_LIBZ
LogInit:      CURL_VERSION_IPV6
LogInit:      CURL_VERSION_ASYNCHDNS
LogInit:      CURL_VERSION_LARGEFILE
LogInit:      CURL_VERSION_IDN
LogInit:  CurlRequestOptions (configurable via config and command line):
LogInit:  - bVerifyPeer = true  - Libcurl will verify peer certificate
LogInit:  - bUseHttpProxy = false  - Libcurl will NOT use HTTP proxy
LogInit:  - bDontReuseConnections = false  - Libcurl will reuse connections
LogInit:  - MaxHostConnections = 16  - Libcurl will limit the number of connections to a host
LogInit:  - LocalHostAddr = Default
LogInit:  - BufferSize = 65536
LogOnline: OSS: Creating online subsystem instance for: NULL
LogInit: WinSock: version 1.1 (2.2), MaxSocks=32767, MaxUdp=65467
LogOnline: OSS: TryLoadSubsystemAndSetDefault: Loaded subsystem for module [NULL]
LogInit: Build: ++UE4+Release-4.25-CL-13942748
LogInit: Engine Version: 4.25.3-13942748+++UE4+Release-4.25
LogInit: Compatible Engine Version: 4.25.0-13144385+++UE4+Release-4.25
LogInit: Net CL: 13144385
LogInit: OS: Windows 10 (Release 2004) (), CPU:         Intel(R) Core(TM) i7-2600 CPU @ 3.40GHz, GPU: NVIDIA GeForce GTX 970
LogInit: Compiled (64-bit): Jul 25 2020 02:07:48
LogInit: Compiled with Visual C++: 19.24.28315.00
LogInit: Build Configuration: Development
LogInit: Branch Name: ++UE4+Release-4.25
LogInit: Command Line: 
LogInit: Base Directory: C:/Program Files/Epic Games/UE_4.25/Engine/Binaries/Win64/
LogInit: Allocator: TBB
LogInit: Installed Engine Build: 1
LogDevObjectVersion: Number of dev versions registered: 26
LogDevObjectVersion:   Dev-Blueprints (B0D832E4-1F89-4F0D-ACCF-7EB736FD4AA2): 10
LogDevObjectVersion:   Dev-Build (E1C64328-A22C-4D53-A36C-8E866417BD8C): 0
LogDevObjectVersion:   Dev-Core (375EC13C-06E4-48FB-B500-84F0262A717E): 4
LogDevObjectVersion:   Dev-Editor (E4B068ED-F494-42E9-A231-DA0B2E46BB41): 38
LogDevObjectVersion:   Dev-Framework (CFFC743F-43B0-4480-9391-14DF171D2073): 37
LogDevObjectVersion:   Dev-Mobile (B02B49B5-BB20-44E9-A304-32B752E40360): 2
LogDevObjectVersion:   Dev-Networking (A4E4105C-59A1-49B5-A7C5-40C4547EDFEE): 0
LogDevObjectVersion:   Dev-Online (39C831C9-5AE6-47DC-9A44-9C173E1C8E7C): 0
LogDevObjectVersion:   Dev-Physics (78F01B33-EBEA-4F98-B9B4-84EACCB95AA2): 4
LogDevObjectVersion:   Dev-Platform (6631380F-2D4D-43E0-8009-CF276956A95A): 0
LogDevObjectVersion:   Dev-Rendering (12F88B9F-8875-4AFC-A67C-D90C383ABD29): 43
LogDevObjectVersion:   Dev-Sequencer (7B5AE74C-D270-4C10-A958-57980B212A5A): 12
LogDevObjectVersion:   Dev-VR (D7296918-1DD6-4BDD-9DE2-64A83CC13884): 3
LogDevObjectVersion:   Dev-LoadTimes (C2A15278-BFE7-4AFE-6C17-90FF531DF755): 1
LogDevObjectVersion:   Private-Geometry (6EACA3D4-40EC-4CC1-B786-8BED09428FC5): 3
LogDevObjectVersion:   Dev-AnimPhys (29E575DD-E0A3-4627-9D10-D276232CDCEA): 17
LogDevObjectVersion:   Dev-Anim (AF43A65D-7FD3-4947-9873-3E8ED9C1BB05): 7
LogDevObjectVersion:   Dev-ReflectionCapture (6B266CEC-1EC7-4B8F-A30B-E4D90942FC07): 1
LogDevObjectVersion:   Dev-Automation (0DF73D61-A23F-47EA-B727-89E90C41499A): 1
LogDevObjectVersion:   FortniteMain (601D1886-AC64-4F84-AA16-D3DE0DEAC7D6): 31
LogDevObjectVersion:   Dev-Enterprise (9DFFBCD6-494F-0158-E221-12823C92A888): 10
LogDevObjectVersion:   Dev-Niagara (F2AED0AC-9AFE-416F-8664-AA7FFA26D6FC): 1
LogDevObjectVersion:   Dev-Destruction (174F1F0B-B4C6-45A5-B13F-2EE8D0FB917D): 10
LogDevObjectVersion:   Dev-Physics-Ext (35F94A83-E258-406C-A318-09F59610247C): 37
LogDevObjectVersion:   Dev-PhysicsMaterial-Chaos (B68FC16E-8B1B-42E2-B453-215C058844FE): 1
LogDevObjectVersion:   Dev-CineCamera (B2E18506-4273-CFC2-A54E-F4BB758BBA07): 1
LogInit: Presizing for max 25165824 objects, including 0 objects not considered by GC, pre-allocating 0 bytes for permanent pool.
LogConfig: Applying CVar settings from Section [/Script/Engine.StreamingSettings] File [C:/Users/TOMER/Documents/Unreal Projects/ToonTanks/Saved/Config/Windows/Engine.ini]
LogConfig: Setting CVar [[s.MinBulkDataSizeForAsyncLoading:131072]]
LogConfig: Setting CVar [[s.AsyncLoadingThreadEnabled:0]]
LogConfig: Setting CVar [[s.EventDrivenLoaderEnabled:1]]
LogConfig: Setting CVar [[s.WarnIfTimeLimitExceeded:0]]
LogConfig: Setting CVar [[s.TimeLimitExceededMultiplier:1.5]]
LogConfig: Setting CVar [[s.TimeLimitExceededMinTime:0.005]]
LogConfig: Setting CVar [[s.UseBackgroundLevelStreaming:1]]
LogConfig: Setting CVar [[s.PriorityAsyncLoadingExtraTime:15.0]]
LogConfig: Setting CVar [[s.LevelStreamingActorsUpdateTimeLimit:5.0]]
LogConfig: Setting CVar [[s.PriorityLevelStreamingActorsUpdateExtraTime:5.0]]
LogConfig: Setting CVar [[s.LevelStreamingComponentsRegistrationGranularity:10]]
LogConfig: Setting CVar [[s.UnregisterComponentsTimeLimit:1.0]]
LogConfig: Setting CVar [[s.LevelStreamingComponentsUnregistrationGranularity:5]]
LogConfig: Setting CVar [[s.FlushStreamingOnExit:1]]
LogInit: Object subsystem initialized
LogConfig: Setting CVar [[con.DebugEarlyDefault:1]]
LogConfig: Setting CVar [[r.setres:1280x720]]
[2020.11.29-18.44.18:378][  0]LogConfig: Setting CVar [[r.VSync:0]]
[2020.11.29-18.44.18:378][  0]LogConfig: Setting CVar [[r.RHICmdBypass:0]]
[2020.11.29-18.44.18:378][  0]LogConfig: Applying CVar settings from Section [/Script/Engine.RendererSettings] File [C:/Users/TOMER/Documents/Unreal Projects/ToonTanks/Saved/Config/Windows/Engine.ini]
[2020.11.29-18.44.18:378][  0]LogConfig: Setting CVar [[r.GPUCrashDebugging:0]]
[2020.11.29-18.44.18:378][  0]LogConfig: Setting CVar [[r.DefaultFeature.AutoExposure.ExtendDefaultLuminanceRange:1]]
[2020.11.29-18.44.18:378][  0]LogConfig: Setting CVar [[r.DefaultFeature.AutoExposure:0]]
[2020.11.29-18.44.18:378][  0]LogConfig: Applying CVar settings from Section [/Script/Engine.RendererOverrideSettings] File [C:/Users/TOMER/Documents/Unreal Projects/ToonTanks/Saved/Config/Windows/Engine.ini]
[2020.11.29-18.44.18:378][  0]LogConfig: Applying CVar settings from Section [/Script/Engine.StreamingSettings] File [C:/Users/TOMER/Documents/Unreal Projects/ToonTanks/Saved/Config/Windows/Engine.ini]
[2020.11.29-18.44.18:378][  0]LogConfig: Setting CVar [[s.MinBulkDataSizeForAsyncLoading:131072]]
[2020.11.29-18.44.18:378][  0]LogConfig: Setting CVar [[s.AsyncLoadingThreadEnabled:0]]
[2020.11.29-18.44.18:378][  0]LogConfig: Setting CVar [[s.EventDrivenLoaderEnabled:1]]
[2020.11.29-18.44.18:378][  0]LogConfig: Setting CVar [[s.WarnIfTimeLimitExceeded:0]]
[2020.11.29-18.44.18:378][  0]LogConfig: Setting CVar [[s.TimeLimitExceededMultiplier:1.5]]
[2020.11.29-18.44.18:378][  0]LogConfig: Setting CVar [[s.TimeLimitExceededMinTime:0.005]]
[2020.11.29-18.44.18:378][  0]LogConfig: Setting CVar [[s.UseBackgroundLevelStreaming:1]]
[2020.11.29-18.44.18:378][  0]LogConfig: Setting CVar [[s.PriorityAsyncLoadingExtraTime:15.0]]
[2020.11.29-18.44.18:378][  0]LogConfig: Setting CVar [[s.LevelStreamingActorsUpdateTimeLimit:5.0]]
[2020.11.29-18.44.18:378][  0]LogConfig: Setting CVar [[s.PriorityLevelStreamingActorsUpdateExtraTime:5.0]]
[2020.11.29-18.44.18:378][  0]LogConfig: Setting CVar [[s.LevelStreamingComponentsRegistrationGranularity:10]]
[2020.11.29-18.44.18:378][  0]LogConfig: Setting CVar [[s.UnregisterComponentsTimeLimit:1.0]]
[2020.11.29-18.44.18:378][  0]LogConfig: Setting CVar [[s.LevelStreamingComponentsUnregistrationGranularity:5]]
[2020.11.29-18.44.18:378][  0]LogConfig: Setting CVar [[s.FlushStreamingOnExit:1]]
[2020.11.29-18.44.18:378][  0]LogConfig: Applying CVar settings from Section [/Script/Engine.GarbageCollectionSettings] File [C:/Users/TOMER/Documents/Unreal Projects/ToonTanks/Saved/Config/Windows/Engine.ini]
[2020.11.29-18.44.18:378][  0]LogConfig: Setting CVar [[gc.MaxObjectsNotConsideredByGC:1]]
[2020.11.29-18.44.18:378][  0]LogConfig: Setting CVar [[gc.SizeOfPermanentObjectPool:0]]
[2020.11.29-18.44.18:378][  0]LogConfig: Setting CVar [[gc.FlushStreamingOnGC:0]]
[2020.11.29-18.44.18:378][  0]LogConfig: Setting CVar [[gc.NumRetriesBeforeForcingGC:10]]
[2020.11.29-18.44.18:378][  0]LogConfig: Setting CVar [[gc.AllowParallelGC:1]]
[2020.11.29-18.44.18:378][  0]LogConfig: Setting CVar [[gc.TimeBetweenPurgingPendingKillObjects:61.1]]
[2020.11.29-18.44.18:378][  0]LogConfig: Setting CVar [[gc.MaxObjectsInEditor:25165824]]
[2020.11.29-18.44.18:378][  0]LogConfig: Setting CVar [[gc.IncrementalBeginDestroyEnabled:1]]
[2020.11.29-18.44.18:378][  0]LogConfig: Setting CVar [[gc.CreateGCClusters:1]]
[2020.11.29-18.44.18:378][  0]LogConfig: Setting CVar [[gc.MinGCClusterSize:5]]
[2020.11.29-18.44.18:378][  0]LogConfig: Setting CVar [[gc.ActorClusteringEnabled:0]]
[2020.11.29-18.44.18:378][  0]LogConfig: Setting CVar [[gc.BlueprintClusteringEnabled:0]]
[2020.11.29-18.44.18:378][  0]LogConfig: Setting CVar [[gc.UseDisregardForGCOnDedicatedServers:0]]
[2020.11.29-18.44.18:378][  0]LogConfig: Applying CVar settings from Section [/Script/Engine.NetworkSettings] File [C:/Users/TOMER/Documents/Unreal Projects/ToonTanks/Saved/Config/Windows/Engine.ini]
[2020.11.29-18.44.18:379][  0]LogConfig: Applying CVar settings from Section [/Script/UnrealEd.CookerSettings] File [C:/Users/TOMER/Documents/Unreal Projects/ToonTanks/Saved/Config/Windows/Engine.ini]
[2020.11.29-18.44.18:398][  0]LogConfig: Applying CVar settings from Section [ViewDistanceQuality@3] File [C:/Users/TOMER/Documents/Unreal Projects/ToonTanks/Saved/Config/Windows/Scalability.ini]
[2020.11.29-18.44.18:398][  0]LogConfig: Setting CVar [[r.SkeletalMeshLODBias:0]]
[2020.11.29-18.44.18:398][  0]LogConfig: Setting CVar [[r.ViewDistanceScale:1.0]]
[2020.11.29-18.44.18:398][  0]LogConfig: Applying CVar settings from Section [AntiAliasingQuality@3] File [C:/Users/TOMER/Documents/Unreal Projects/ToonTanks/Saved/Config/Windows/Scalability.ini]
[2020.11.29-18.44.18:398][  0]LogConfig: Setting CVar [[r.PostProcessAAQuality:4]]
[2020.11.29-18.44.18:398][  0]LogConfig: Applying CVar settings from Section [ShadowQuality@3] File [C:/Users/TOMER/Documents/Unreal Projects/ToonTanks/Saved/Config/Windows/Scalability.ini]
[2020.11.29-18.44.18:398][  0]LogConfig: Setting CVar [[r.LightFunctionQuality:1]]
[2020.11.29-18.44.18:398][  0]LogConfig: Setting CVar [[r.ShadowQuality:5]]
[2020.11.29-18.44.18:398][  0]LogConfig: Setting CVar [[r.Shadow.CSM.MaxCascades:10]]
[2020.11.29-18.44.18:398][  0]LogConfig: Setting CVar [[r.Shadow.MaxResolution:2048]]
[2020.11.29-18.44.18:398][  0]LogConfig: Setting CVar [[r.Shadow.MaxCSMResolution:2048]]
[2020.11.29-18.44.18:398][  0]LogConfig: Setting CVar [[r.Shadow.RadiusThreshold:0.01]]
[2020.11.29-18.44.18:398][  0]LogConfig: Setting CVar [[r.Shadow.DistanceScale:1.0]]
[2020.11.29-18.44.18:398][  0]LogConfig: Setting CVar [[r.Shadow.CSM.TransitionScale:1.0]]
[2020.11.29-18.44.18:398][  0]LogConfig: Setting CVar [[r.Shadow.PreShadowResolutionFactor:1.0]]
[2020.11.29-18.44.18:398][  0]LogConfig: Setting CVar [[r.DistanceFieldShadowing:1]]
[2020.11.29-18.44.18:398][  0]LogConfig: Setting CVar [[r.DistanceFieldAO:1]]
[2020.11.29-18.44.18:398][  0]LogConfig: Setting CVar [[r.AOQuality:2]]
[2020.11.29-18.44.18:398][  0]LogConfig: Setting CVar [[r.VolumetricFog:1]]
[2020.11.29-18.44.18:398][  0]LogConfig: Setting CVar [[r.VolumetricFog.GridPixelSize:8]]
[2020.11.29-18.44.18:398][  0]LogConfig: Setting CVar [[r.VolumetricFog.GridSizeZ:128]]
[2020.11.29-18.44.18:398][  0]LogConfig: Setting CVar [[r.VolumetricFog.HistoryMissSupersampleCount:4]]
[2020.11.29-18.44.18:398][  0]LogConfig: Setting CVar [[r.LightMaxDrawDistanceScale:1]]
[2020.11.29-18.44.18:398][  0]LogConfig: Setting CVar [[r.CapsuleShadows:1]]
[2020.11.29-18.44.18:398][  0]LogConfig: Applying CVar settings from Section [PostProcessQuality@3] File [C:/Users/TOMER/Documents/Unreal Projects/ToonTanks/Saved/Config/Windows/Scalability.ini]
[2020.11.29-18.44.18:398][  0]LogConfig: Setting CVar [[r.MotionBlurQuality:4]]
[2020.11.29-18.44.18:398][  0]LogConfig: Setting CVar [[r.AmbientOcclusionMipLevelFactor:0.4]]
[2020.11.29-18.44.18:398][  0]LogConfig: Setting CVar [[r.AmbientOcclusionMaxQuality:100]]
[2020.11.29-18.44.18:398][  0]LogConfig: Setting CVar [[r.AmbientOcclusionLevels:-1]]
[2020.11.29-18.44.18:398][  0]LogConfig: Setting CVar [[r.AmbientOcclusionRadiusScale:1.0]]
[2020.11.29-18.44.18:398][  0]LogConfig: Setting CVar [[r.DepthOfFieldQuality:2]]
[2020.11.29-18.44.18:398][  0]LogConfig: Setting CVar [[r.RenderTargetPoolMin:400]]
[2020.11.29-18.44.18:398][  0]LogConfig: Setting CVar [[r.LensFlareQuality:2]]
[2020.11.29-18.44.18:398][  0]LogConfig: Setting CVar [[r.SceneColorFringeQuality:1]]
[2020.11.29-18.44.18:398][  0]LogConfig: Setting CVar [[r.EyeAdaptationQuality:2]]
[2020.11.29-18.44.18:398][  0]LogConfig: Setting CVar [[r.BloomQuality:5]]
[2020.11.29-18.44.18:398][  0]LogConfig: Setting CVar [[r.FastBlurThreshold:100]]
[2020.11.29-18.44.18:398][  0]LogConfig: Setting CVar [[r.Upscale.Quality:3]]
[2020.11.29-18.44.18:398][  0]LogConfig: Setting CVar [[r.Tonemapper.GrainQuantization:1]]
[2020.11.29-18.44.18:398][  0]LogConfig: Setting CVar [[r.LightShaftQuality:1]]
[2020.11.29-18.44.18:398][  0]LogConfig: Setting CVar [[r.Filter.SizeScale:1]]
[2020.11.29-18.44.18:398][  0]LogConfig: Setting CVar [[r.Tonemapper.Quality:5]]
[2020.11.29-18.44.18:398][  0]LogConfig: Setting CVar [[r.DOF.Gather.AccumulatorQuality:1        ; higher gathering accumulator quality]]
[2020.11.29-18.44.18:398][  0]LogConfig: Setting CVar [[r.DOF.Gather.PostfilterMethod:1          ; Median3x3 postfilering method]]
[2020.11.29-18.44.18:398][  0]LogConfig: Setting CVar [[r.DOF.Gather.EnableBokehSettings:0       ; no bokeh simulation when gathering]]
[2020.11.29-18.44.18:398][  0]LogConfig: Setting CVar [[r.DOF.Gather.RingCount:4                 ; medium number of samples when gathering]]
[2020.11.29-18.44.18:398][  0]LogConfig: Setting CVar [[r.DOF.Scatter.ForegroundCompositing:1    ; additive foreground scattering]]
[2020.11.29-18.44.18:398][  0]LogConfig: Setting CVar [[r.DOF.Scatter.BackgroundCompositing:2    ; additive background scattering]]
[2020.11.29-18.44.18:398][  0]LogConfig: Setting CVar [[r.DOF.Scatter.EnableBokehSettings:1      ; bokeh simulation when scattering]]
[2020.11.29-18.44.18:398][  0]LogConfig: Setting CVar [[r.DOF.Scatter.MaxSpriteRatio:0.1         ; only a maximum of 10% of scattered bokeh]]
[2020.11.29-18.44.18:399][  0]LogConfig: Setting CVar [[r.DOF.Recombine.Quality:1                ; cheap slight out of focus]]
[2020.11.29-18.44.18:399][  0]LogConfig: Setting CVar [[r.DOF.Recombine.EnableBokehSettings:0    ; no bokeh simulation on slight out of focus]]
[2020.11.29-18.44.18:399][  0]LogConfig: Setting CVar [[r.DOF.TemporalAAQuality:1                ; more stable temporal accumulation]]
[2020.11.29-18.44.18:399][  0]LogConfig: Setting CVar [[r.DOF.Kernel.MaxForegroundRadius:0.025]]
[2020.11.29-18.44.18:399][  0]LogConfig: Setting CVar [[r.DOF.Kernel.MaxBackgroundRadius:0.025]]
[2020.11.29-18.44.18:399][  0]LogConfig: Applying CVar settings from Section [TextureQuality@3] File [C:/Users/TOMER/Documents/Unreal Projects/ToonTanks/Saved/Config/Windows/Scalability.ini]
[2020.11.29-18.44.18:399][  0]LogConfig: Setting CVar [[r.Streaming.MipBias:0]]
[2020.11.29-18.44.18:399][  0]LogConfig: Setting CVar [[r.Streaming.AmortizeCPUToGPUCopy:0]]
[2020.11.29-18.44.18:399][  0]LogConfig: Setting CVar [[r.Streaming.MaxNumTexturesToStreamPerFrame:0]]
[2020.11.29-18.44.18:399][  0]LogConfig: Setting CVar [[r.Streaming.Boost:1]]
[2020.11.29-18.44.18:399][  0]LogConfig: Setting CVar [[r.MaxAnisotropy:8]]
[2020.11.29-18.44.18:399][  0]LogConfig: Setting CVar [[r.VT.MaxAnisotropy:8]]
[2020.11.29-18.44.18:399][  0]LogConfig: Setting CVar [[r.Streaming.LimitPoolSizeToVRAM:0]]
[2020.11.29-18.44.18:399][  0]LogConfig: Setting CVar [[r.Streaming.PoolSize:1000]]
[2020.11.29-18.44.18:399][  0]LogConfig: Setting CVar [[r.Streaming.MaxEffectiveScreenSize:0]]
[2020.11.29-18.44.18:399][  0]LogConfig: Applying CVar settings from Section [EffectsQuality@3] File [C:/Users/TOMER/Documents/Unreal Projects/ToonTanks/Saved/Config/Windows/Scalability.ini]
[2020.11.29-18.44.18:399][  0]LogConfig: Setting CVar [[r.TranslucencyLightingVolumeDim:64]]
[2020.11.29-18.44.18:399][  0]LogConfig: Setting CVar [[r.RefractionQuality:2]]
[2020.11.29-18.44.18:399][  0]LogConfig: Setting CVar [[r.SSR.Quality:3]]
[2020.11.29-18.44.18:399][  0]LogConfig: Setting CVar [[r.SSR.HalfResSceneColor:0]]
[2020.11.29-18.44.18:399][  0]LogConfig: Setting CVar [[r.SceneColorFormat:4]]
[2020.11.29-18.44.18:399][  0]LogConfig: Setting CVar [[r.DetailMode:2]]
[2020.11.29-18.44.18:399][  0]LogConfig: Setting CVar [[r.TranslucencyVolumeBlur:1]]
[2020.11.29-18.44.18:399][  0]LogConfig: Setting CVar [[r.MaterialQualityLevel:1 ; High quality]]
[2020.11.29-18.44.18:399][  0]LogConfig: Setting CVar [[r.SSS.Scale:1]]
[2020.11.29-18.44.18:399][  0]LogConfig: Setting CVar [[r.SSS.SampleSet:2]]
[2020.11.29-18.44.18:399][  0]LogConfig: Setting CVar [[r.SSS.Quality:1]]
[2020.11.29-18.44.18:399][  0]LogConfig: Setting CVar [[r.SSS.HalfRes:0]]
[2020.11.29-18.44.18:399][  0]LogConfig: Setting CVar [[r.SSGI.Quality:3]]
[2020.11.29-18.44.18:399][  0]LogConfig: Setting CVar [[r.EmitterSpawnRateScale:1.0]]
[2020.11.29-18.44.18:399][  0]LogConfig: Setting CVar [[r.ParticleLightQuality:2]]
[2020.11.29-18.44.18:399][  0]LogConfig: Setting CVar [[r.SkyAtmosphere.AerialPerspectiveLUT.FastApplyOnOpaque:1 ; Always have FastSkyLUT 1 in this case to avoid wrong sky]]
[2020.11.29-18.44.18:399][  0]LogConfig: Setting CVar [[r.SkyAtmosphere.AerialPerspectiveLUT.SampleCountPerSlice:1]]
[2020.11.29-18.44.18:399][  0]LogConfig: Setting CVar [[r.SkyAtmosphere.AerialPerspectiveLUT.DepthResolution:16.0]]
[2020.11.29-18.44.18:399][  0]LogConfig: Setting CVar [[r.SkyAtmosphere.FastSkyLUT:1]]
[2020.11.29-18.44.18:399][  0]LogConfig: Setting CVar [[r.SkyAtmosphere.FastSkyLUT.SampleCountMin:4.0]]
[2020.11.29-18.44.18:399][  0]LogConfig: Setting CVar [[r.SkyAtmosphere.FastSkyLUT.SampleCountMax:32.0]]
[2020.11.29-18.44.18:399][  0]LogConfig: Setting CVar [[r.SkyAtmosphere.SampleCountMin:4.0]]
[2020.11.29-18.44.18:399][  0]LogConfig: Setting CVar [[r.SkyAtmosphere.SampleCountMax:32.0]]
[2020.11.29-18.44.18:399][  0]LogConfig: Setting CVar [[r.SkyAtmosphere.TransmittanceLUT.UseSmallFormat:0]]
[2020.11.29-18.44.18:399][  0]LogConfig: Setting CVar [[r.SkyAtmosphere.TransmittanceLUT.SampleCount:10.0]]
[2020.11.29-18.44.18:399][  0]LogConfig: Setting CVar [[r.SkyAtmosphere.MultiScatteringLUT.SampleCount:15.0]]
[2020.11.29-18.44.18:399][  0]LogConfig: Applying CVar settings from Section [FoliageQuality@3] File [C:/Users/TOMER/Documents/Unreal Projects/ToonTanks/Saved/Config/Windows/Scalability.ini]
[2020.11.29-18.44.18:399][  0]LogConfig: Setting CVar [[foliage.DensityScale:1.0]]
[2020.11.29-18.44.18:399][  0]LogConfig: Setting CVar [[grass.DensityScale:1.0]]
[2020.11.29-18.44.18:399][  0]LogConfig: Applying CVar settings from Section [ShadingQuality@3] File [C:/Users/TOMER/Documents/Unreal Projects/ToonTanks/Saved/Config/Windows/Scalability.ini]
[2020.11.29-18.44.18:399][  0]LogConfig: Setting CVar [[r.HairStrands.SkyLighting.SampleCount:16]]
[2020.11.29-18.44.18:399][  0]LogConfig: Setting CVar [[r.HairStrands.SkyLighting.JitterIntegration:0]]
[2020.11.29-18.44.18:399][  0]LogConfig: Setting CVar [[r.HairStrands.SkyAO.SampleCount:16]]
[2020.11.29-18.44.18:399][  0]LogConfig: Setting CVar [[r.HairStrands.DeepShadow.SuperSampling:0]]
[2020.11.29-18.44.18:399][  0]LogConfig: Setting CVar [[r.HairStrands.VisibilityPPLL:0]]
[2020.11.29-18.44.18:399][  0]LogConfig: Setting CVar [[r.HairStrands.RasterizationScale:0.5]]
[2020.11.29-18.44.18:399][  0]LogConfig: Setting CVar [[r.HairStrands.VelocityRasterizationScale:1]]
[2020.11.29-18.44.18:404][  0]LogInit: Selected Device Profile: [Windows]
[2020.11.29-18.44.18:404][  0]LogInit: Applying CVar settings loaded from the selected device profile: [Windows]
[2020.11.29-18.44.18:405][  0]LogHAL: Display: Platform has ~ 16 GB [17161457664 / 17179869184 / 16], which maps to Larger [LargestMinGB=32, LargerMinGB=12, DefaultMinGB=8, SmallerMinGB=6, SmallestMinGB=0)
[2020.11.29-18.44.18:405][  0]LogInit: Going up to parent DeviceProfile []
[2020.11.29-18.44.18:409][  0]LogConfig: Applying CVar settings from Section [ViewDistanceQuality@3] File [C:/Users/TOMER/Documents/Unreal Projects/ToonTanks/Saved/Config/Windows/Scalability.ini]
[2020.11.29-18.44.18:409][  0]LogConfig: Setting CVar [[r.SkeletalMeshLODBias:0]]
[2020.11.29-18.44.18:409][  0]LogConfig: Setting CVar [[r.ViewDistanceScale:1.0]]
[2020.11.29-18.44.18:409][  0]LogConfig: Applying CVar settings from Section [AntiAliasingQuality@3] File [C:/Users/TOMER/Documents/Unreal Projects/ToonTanks/Saved/Config/Windows/Scalability.ini]
[2020.11.29-18.44.18:409][  0]LogConfig: Setting CVar [[r.PostProcessAAQuality:4]]
[2020.11.29-18.44.18:409][  0]LogConfig: Applying CVar settings from Section [ShadowQuality@3] File [C:/Users/TOMER/Documents/Unreal Projects/ToonTanks/Saved/Config/Windows/Scalability.ini]
[2020.11.29-18.44.18:409][  0]LogConfig: Setting CVar [[r.LightFunctionQuality:1]]
[2020.11.29-18.44.18:409][  0]LogConfig: Setting CVar [[r.ShadowQuality:5]]
[2020.11.29-18.44.18:409][  0]LogConfig: Setting CVar [[r.Shadow.CSM.MaxCascades:10]]
[2020.11.29-18.44.18:409][  0]LogConfig: Setting CVar [[r.Shadow.MaxResolution:2048]]
[2020.11.29-18.44.18:409][  0]LogConfig: Setting CVar [[r.Shadow.MaxCSMResolution:2048]]
[2020.11.29-18.44.18:409][  0]LogConfig: Setting CVar [[r.Shadow.RadiusThreshold:0.01]]
[2020.11.29-18.44.18:409][  0]LogConfig: Setting CVar [[r.Shadow.DistanceScale:1.0]]
[2020.11.29-18.44.18:409][  0]LogConfig: Setting CVar [[r.Shadow.CSM.TransitionScale:1.0]]
[2020.11.29-18.44.18:409][  0]LogConfig: Setting CVar [[r.Shadow.PreShadowResolutionFactor:1.0]]
[2020.11.29-18.44.18:409][  0]LogConfig: Setting CVar [[r.DistanceFieldShadowing:1]]
[2020.11.29-18.44.18:409][  0]LogConfig: Setting CVar [[r.DistanceFieldAO:1]]
[2020.11.29-18.44.18:409][  0]LogConfig: Setting CVar [[r.AOQuality:2]]
[2020.11.29-18.44.18:409][  0]LogConfig: Setting CVar [[r.VolumetricFog:1]]
[2020.11.29-18.44.18:409][  0]LogConfig: Setting CVar [[r.VolumetricFog.GridPixelSize:8]]
[2020.11.29-18.44.18:409][  0]LogConfig: Setting CVar [[r.VolumetricFog.GridSizeZ:128]]
[2020.11.29-18.44.18:409][  0]LogConfig: Setting CVar [[r.VolumetricFog.HistoryMissSupersampleCount:4]]
[2020.11.29-18.44.18:409][  0]LogConfig: Setting CVar [[r.LightMaxDrawDistanceScale:1]]
[2020.11.29-18.44.18:409][  0]LogConfig: Setting CVar [[r.CapsuleShadows:1]]
[2020.11.29-18.44.18:409][  0]LogConfig: Applying CVar settings from Section [PostProcessQuality@3] File [C:/Users/TOMER/Documents/Unreal Projects/ToonTanks/Saved/Config/Windows/Scalability.ini]
[2020.11.29-18.44.18:409][  0]LogConfig: Setting CVar [[r.MotionBlurQuality:4]]
[2020.11.29-18.44.18:409][  0]LogConfig: Setting CVar [[r.AmbientOcclusionMipLevelFactor:0.4]]
[2020.11.29-18.44.18:409][  0]LogConfig: Setting CVar [[r.AmbientOcclusionMaxQuality:100]]
[2020.11.29-18.44.18:409][  0]LogConfig: Setting CVar [[r.AmbientOcclusionLevels:-1]]
[2020.11.29-18.44.18:409][  0]LogConfig: Setting CVar [[r.AmbientOcclusionRadiusScale:1.0]]
[2020.11.29-18.44.18:409][  0]LogConfig: Setting CVar [[r.DepthOfFieldQuality:2]]
[2020.11.29-18.44.18:409][  0]LogConfig: Setting CVar [[r.RenderTargetPoolMin:400]]
[2020.11.29-18.44.18:409][  0]LogConfig: Setting CVar [[r.LensFlareQuality:2]]
[2020.11.29-18.44.18:409][  0]LogConfig: Setting CVar [[r.SceneColorFringeQuality:1]]
[2020.11.29-18.44.18:409][  0]LogConfig: Setting CVar [[r.EyeAdaptationQuality:2]]
[2020.11.29-18.44.18:409][  0]LogConfig: Setting CVar [[r.BloomQuality:5]]
[2020.11.29-18.44.18:409][  0]LogConfig: Setting CVar [[r.FastBlurThreshold:100]]
[2020.11.29-18.44.18:409][  0]LogConfig: Setting CVar [[r.Upscale.Quality:3]]
[2020.11.29-18.44.18:409][  0]LogConfig: Setting CVar [[r.Tonemapper.GrainQuantization:1]]
[2020.11.29-18.44.18:409][  0]LogConfig: Setting CVar [[r.LightShaftQuality:1]]
[2020.11.29-18.44.18:409][  0]LogConfig: Setting CVar [[r.Filter.SizeScale:1]]
[2020.11.29-18.44.18:409][  0]LogConfig: Setting CVar [[r.Tonemapper.Quality:5]]
[2020.11.29-18.44.18:409][  0]LogConfig: Setting CVar [[r.DOF.Gather.AccumulatorQuality:1        ; higher gathering accumulator quality]]
[2020.11.29-18.44.18:409][  0]LogConfig: Setting CVar [[r.DOF.Gather.PostfilterMethod:1          ; Median3x3 postfilering method]]
[2020.11.29-18.44.18:409][  0]LogConfig: Setting CVar [[r.DOF.Gather.EnableBokehSettings:0       ; no bokeh simulation when gathering]]
[2020.11.29-18.44.18:409][  0]LogConfig: Setting CVar [[r.DOF.Gather.RingCount:4                 ; medium number of samples when gathering]]
[2020.11.29-18.44.18:409][  0]LogConfig: Setting CVar [[r.DOF.Scatter.ForegroundCompositing:1    ; additive foreground scattering]]
[2020.11.29-18.44.18:409][  0]LogConfig: Setting CVar [[r.DOF.Scatter.BackgroundCompositing:2    ; additive background scattering]]
[2020.11.29-18.44.18:409][  0]LogConfig: Setting CVar [[r.DOF.Scatter.EnableBokehSettings:1      ; bokeh simulation when scattering]]
[2020.11.29-18.44.18:409][  0]LogConfig: Setting CVar [[r.DOF.Scatter.MaxSpriteRatio:0.1         ; only a maximum of 10% of scattered bokeh]]
[2020.11.29-18.44.18:409][  0]LogConfig: Setting CVar [[r.DOF.Recombine.Quality:1                ; cheap slight out of focus]]
[2020.11.29-18.44.18:410][  0]LogConfig: Setting CVar [[r.DOF.Recombine.EnableBokehSettings:0    ; no bokeh simulation on slight out of focus]]
[2020.11.29-18.44.18:410][  0]LogConfig: Setting CVar [[r.DOF.TemporalAAQuality:1                ; more stable temporal accumulation]]
[2020.11.29-18.44.18:410][  0]LogConfig: Setting CVar [[r.DOF.Kernel.MaxForegroundRadius:0.025]]
[2020.11.29-18.44.18:410][  0]LogConfig: Setting CVar [[r.DOF.Kernel.MaxBackgroundRadius:0.025]]
[2020.11.29-18.44.18:410][  0]LogConfig: Applying CVar settings from Section [TextureQuality@3] File [C:/Users/TOMER/Documents/Unreal Projects/ToonTanks/Saved/Config/Windows/Scalability.ini]
[2020.11.29-18.44.18:410][  0]LogConfig: Setting CVar [[r.Streaming.MipBias:0]]
[2020.11.29-18.44.18:410][  0]LogConfig: Setting CVar [[r.Streaming.AmortizeCPUToGPUCopy:0]]
[2020.11.29-18.44.18:410][  0]LogConfig: Setting CVar [[r.Streaming.MaxNumTexturesToStreamPerFrame:0]]
[2020.11.29-18.44.18:410][  0]LogConfig: Setting CVar [[r.Streaming.Boost:1]]
[2020.11.29-18.44.18:410][  0]LogConfig: Setting CVar [[r.MaxAnisotropy:8]]
[2020.11.29-18.44.18:410][  0]LogConfig: Setting CVar [[r.VT.MaxAnisotropy:8]]
[2020.11.29-18.44.18:410][  0]LogConfig: Setting CVar [[r.Streaming.LimitPoolSizeToVRAM:0]]
[2020.11.29-18.44.18:410][  0]LogConfig: Setting CVar [[r.Streaming.PoolSize:1000]]
[2020.11.29-18.44.18:410][  0]LogConfig: Setting CVar [[r.Streaming.MaxEffectiveScreenSize:0]]
[2020.11.29-18.44.18:410][  0]LogConfig: Applying CVar settings from Section [EffectsQuality@3] File [C:/Users/TOMER/Documents/Unreal Projects/ToonTanks/Saved/Config/Windows/Scalability.ini]
[2020.11.29-18.44.18:410][  0]LogConfig: Setting CVar [[r.TranslucencyLightingVolumeDim:64]]
[2020.11.29-18.44.18:410][  0]LogConfig: Setting CVar [[r.RefractionQuality:2]]
[2020.11.29-18.44.18:410][  0]LogConfig: Setting CVar [[r.SSR.Quality:3]]
[2020.11.29-18.44.18:410][  0]LogConfig: Setting CVar [[r.SSR.HalfResSceneColor:0]]
[2020.11.29-18.44.18:410][  0]LogConfig: Setting CVar [[r.SceneColorFormat:4]]
[2020.11.29-18.44.18:410][  0]LogConfig: Setting CVar [[r.DetailMode:2]]
[2020.11.29-18.44.18:410][  0]LogConfig: Setting CVar [[r.TranslucencyVolumeBlur:1]]
[2020.11.29-18.44.18:410][  0]LogConfig: Setting CVar [[r.MaterialQualityLevel:1 ; High quality]]
[2020.11.29-18.44.18:410][  0]LogConfig: Setting CVar [[r.SSS.Scale:1]]
[2020.11.29-18.44.18:410][  0]LogConfig: Setting CVar [[r.SSS.SampleSet:2]]
[2020.11.29-18.44.18:410][  0]LogConfig: Setting CVar [[r.SSS.Quality:1]]
[2020.11.29-18.44.18:410][  0]LogConfig: Setting CVar [[r.SSS.HalfRes:0]]
[2020.11.29-18.44.18:410][  0]LogConfig: Setting CVar [[r.SSGI.Quality:3]]
[2020.11.29-18.44.18:410][  0]LogConfig: Setting CVar [[r.EmitterSpawnRateScale:1.0]]
[2020.11.29-18.44.18:410][  0]LogConfig: Setting CVar [[r.ParticleLightQuality:2]]
[2020.11.29-18.44.18:410][  0]LogConfig: Setting CVar [[r.SkyAtmosphere.AerialPerspectiveLUT.FastApplyOnOpaque:1 ; Always have FastSkyLUT 1 in this case to avoid wrong sky]]
[2020.11.29-18.44.18:410][  0]LogConfig: Setting CVar [[r.SkyAtmosphere.AerialPerspectiveLUT.SampleCountPerSlice:1]]
[2020.11.29-18.44.18:410][  0]LogConfig: Setting CVar [[r.SkyAtmosphere.AerialPerspectiveLUT.DepthResolution:16.0]]
[2020.11.29-18.44.18:410][  0]LogConfig: Setting CVar [[r.SkyAtmosphere.FastSkyLUT:1]]
[2020.11.29-18.44.18:410][  0]LogConfig: Setting CVar [[r.SkyAtmosphere.FastSkyLUT.SampleCountMin:4.0]]
[2020.11.29-18.44.18:410][  0]LogConfig: Setting CVar [[r.SkyAtmosphere.FastSkyLUT.SampleCountMax:32.0]]
[2020.11.29-18.44.18:410][  0]LogConfig: Setting CVar [[r.SkyAtmosphere.SampleCountMin:4.0]]
[2020.11.29-18.44.18:410][  0]LogConfig: Setting CVar [[r.SkyAtmosphere.SampleCountMax:32.0]]
[2020.11.29-18.44.18:410][  0]LogConfig: Setting CVar [[r.SkyAtmosphere.TransmittanceLUT.UseSmallFormat:0]]
[2020.11.29-18.44.18:410][  0]LogConfig: Setting CVar [[r.SkyAtmosphere.TransmittanceLUT.SampleCount:10.0]]
[2020.11.29-18.44.18:410][  0]LogConfig: Setting CVar [[r.SkyAtmosphere.MultiScatteringLUT.SampleCount:15.0]]
[2020.11.29-18.44.18:410][  0]LogConfig: Applying CVar settings from Section [FoliageQuality@3] File [C:/Users/TOMER/Documents/Unreal Projects/ToonTanks/Saved/Config/Windows/Scalability.ini]
[2020.11.29-18.44.18:410][  0]LogConfig: Setting CVar [[foliage.DensityScale:1.0]]
[2020.11.29-18.44.18:410][  0]LogConfig: Setting CVar [[grass.DensityScale:1.0]]
[2020.11.29-18.44.18:410][  0]LogConfig: Applying CVar settings from Section [ShadingQuality@3] File [C:/Users/TOMER/Documents/Unreal Projects/ToonTanks/Saved/Config/Windows/Scalability.ini]
[2020.11.29-18.44.18:410][  0]LogConfig: Setting CVar [[r.HairStrands.SkyLighting.SampleCount:16]]
[2020.11.29-18.44.18:410][  0]LogConfig: Setting CVar [[r.HairStrands.SkyLighting.JitterIntegration:0]]
[2020.11.29-18.44.18:410][  0]LogConfig: Setting CVar [[r.HairStrands.SkyAO.SampleCount:16]]
[2020.11.29-18.44.18:410][  0]LogConfig: Setting CVar [[r.HairStrands.DeepShadow.SuperSampling:0]]
[2020.11.29-18.44.18:410][  0]LogConfig: Setting CVar [[r.HairStrands.VisibilityPPLL:0]]
[2020.11.29-18.44.18:410][  0]LogConfig: Setting CVar [[r.HairStrands.RasterizationScale:0.5]]
[2020.11.29-18.44.18:410][  0]LogConfig: Setting CVar [[r.HairStrands.VelocityRasterizationScale:1]]
[2020.11.29-18.44.18:410][  0]LogConfig: Applying CVar settings from Section [Startup] File [../../../Engine/Config/ConsoleVariables.ini]
[2020.11.29-18.44.18:431][  0]LogConfig: Setting CVar [[net.UseAdaptiveNetUpdateFrequency:0]]
[2020.11.29-18.44.18:431][  0]LogConfig: Setting CVar [[p.chaos.AllowCreatePhysxBodies:1]]
[2020.11.29-18.44.18:431][  0]LogConfig: Setting CVar [[fx.SkipVectorVMBackendOptimizations:1]]
[2020.11.29-18.44.18:431][  0]LogConfig: Applying CVar settings from Section [ConsoleVariables] File [C:/Users/TOMER/Documents/Unreal Projects/ToonTanks/Saved/Config/Windows/Engine.ini]
[2020.11.29-18.44.18:431][  0]LogInit: Computer: TOMER-PC
[2020.11.29-18.44.18:431][  0]LogInit: User: TOMER
[2020.11.29-18.44.18:432][  0]LogInit: CPU Page size=4096, Cores=4
[2020.11.29-18.44.18:432][  0]LogInit: High frequency timer resolution =10.000000 MHz
[2020.11.29-18.44.18:432][  0]LogMemory: Memory total: Physical=16.0GB (16GB approx)
[2020.11.29-18.44.18:432][  0]LogMemory: Platform Memory Stats for Windows
[2020.11.29-18.44.18:432][  0]LogMemory: Process Physical Memory: 119.16 MB used, 119.16 MB peak
[2020.11.29-18.44.18:432][  0]LogMemory: Process Virtual Memory: 104.29 MB used, 104.29 MB peak
[2020.11.29-18.44.18:432][  0]LogMemory: Physical Memory: 5968.62 MB used,  10397.82 MB free, 16366.44 MB total
[2020.11.29-18.44.18:432][  0]LogMemory: Virtual Memory: 5153.74 MB used,  134212576.00 MB free, 134217728.00 MB total
[2020.11.29-18.44.18:451][  0]LogWindows: WindowsPlatformFeatures enabled
[2020.11.29-18.44.20:409][  0]LogInit: Physics initialised using underlying interface: PhysX
[2020.11.29-18.44.20:435][  0]LogInit: Using OS detected language (en-US).
[2020.11.29-18.44.20:435][  0]LogInit: Using OS detected locale (he-IL).
[2020.11.29-18.44.20:496][  0]LogTextLocalizationManager: No specific localization for 'en-US' exists, so the 'en' localization will be used.
[2020.11.29-18.44.21:248][  0]LogInit: Setting process to per monitor DPI aware
[2020.11.29-18.44.21:690][  0]LogSlate: New Slate User Created.  User Index 0, Is Virtual User: 0
[2020.11.29-18.44.21:690][  0]LogSlate: Slate User Registered.  User Index 0, Is Virtual User: 0
[2020.11.29-18.44.27:934][  0]LogHMD: Failed to initialize OpenVR with code 110
[2020.11.29-18.44.27:934][  0]LogD3D11RHI: D3D11 min allowed feature level: 11_0
[2020.11.29-18.44.27:934][  0]LogD3D11RHI: D3D11 max allowed feature level: 11_0
[2020.11.29-18.44.27:934][  0]LogD3D11RHI: D3D11 adapters:
[2020.11.29-18.44.28:149][  0]LogD3D11RHI:    0. 'NVIDIA GeForce GTX 970' (Feature Level 11_0)
[2020.11.29-18.44.28:149][  0]LogD3D11RHI:       4043/0/8183 MB DedicatedVideo/DedicatedSystem/SharedSystem, Outputs:1, VendorId:0x10de
[2020.11.29-18.44.28:167][  0]LogD3D11RHI:    1. 'Microsoft Basic Render Driver' (Feature Level 11_0)
[2020.11.29-18.44.28:167][  0]LogD3D11RHI:       0/0/8183 MB DedicatedVideo/DedicatedSystem/SharedSystem, Outputs:0, VendorId:0x1414
[2020.11.29-18.44.28:167][  0]LogD3D11RHI: Chosen D3D11 Adapter: 0
[2020.11.29-18.44.28:181][  0]LogD3D11RHI: Creating new Direct3DDevice
[2020.11.29-18.44.28:182][  0]LogD3D11RHI:     GPU DeviceId: 0x13c2 (for the marketing name, search the web for "GPU Device Id")
[2020.11.29-18.44.28:182][  0]LogWindows: EnumDisplayDevices:
[2020.11.29-18.44.28:182][  0]LogWindows:    0. 'NVIDIA GeForce GTX 970' (P:1 D:1)
[2020.11.29-18.44.28:182][  0]LogWindows:    1. 'NVIDIA GeForce GTX 970' (P:0 D:0)
[2020.11.29-18.44.28:183][  0]LogWindows:    2. 'NVIDIA GeForce GTX 970' (P:0 D:0)
[2020.11.29-18.44.28:183][  0]LogWindows:    3. 'NVIDIA GeForce GTX 970' (P:0 D:0)
[2020.11.29-18.44.28:183][  0]LogWindows: DebugString: FoundDriverCount:4 
[2020.11.29-18.44.28:183][  0]LogD3D11RHI:     Adapter Name: NVIDIA GeForce GTX 970
[2020.11.29-18.44.28:183][  0]LogD3D11RHI:   Driver Version: 432.00 (internal:26.21.14.3200, unified:432.00)
[2020.11.29-18.44.28:183][  0]LogD3D11RHI:      Driver Date: 7-24-2019
[2020.11.29-18.44.28:183][  0]LogRHI: Texture pool is 2830 MB (70% of 4043 MB)
[2020.11.29-18.44.28:296][  0]LogD3D11RHI: RHI has support for 64 bit atomics
[2020.11.29-18.44.28:299][  0]LogD3D11RHI: [Aftermath] Enabled and primed
[2020.11.29-18.44.28:299][  0]LogD3D11RHI: Async texture creation enabled
[2020.11.29-18.44.28:299][  0]LogD3D11RHI: Array index from any shader is supported
[2020.11.29-18.44.28:621][  0]LogD3D11RHI: GPU Timing Frequency: 1000.000000 (Debug: 2 1)
[2020.11.29-18.44.30:223][  0]LogTargetPlatformManager: Display: Loaded TargetPlatform 'AllDesktop'
[2020.11.29-18.44.30:308][  0]LogTargetPlatformManager: Display: Loaded TargetPlatform 'Android'
[2020.11.29-18.44.30:308][  0]LogTargetPlatformManager: Display: Loaded TargetPlatform 'Android_ASTC'
[2020.11.29-18.44.30:308][  0]LogTargetPlatformManager: Display: Loaded TargetPlatform 'Android_DXT'
[2020.11.29-18.44.30:308][  0]LogTargetPlatformManager: Display: Loaded TargetPlatform 'Android_ETC2'
[2020.11.29-18.44.30:308][  0]LogTargetPlatformManager: Display: Loaded TargetPlatform 'AndroidClient'
[2020.11.29-18.44.30:308][  0]LogTargetPlatformManager: Display: Loaded TargetPlatform 'Android_ASTCClient'
[2020.11.29-18.44.30:308][  0]LogTargetPlatformManager: Display: Loaded TargetPlatform 'Android_DXTClient'
[2020.11.29-18.44.30:308][  0]LogTargetPlatformManager: Display: Loaded TargetPlatform 'Android_ETC2Client'
[2020.11.29-18.44.30:308][  0]LogTargetPlatformManager: Display: Loaded TargetPlatform 'Android_Multi'
[2020.11.29-18.44.30:308][  0]LogTargetPlatformManager: Display: Loaded TargetPlatform 'Android_MultiClient'
[2020.11.29-18.44.30:726][  0]LogTargetPlatformManager: Display: Loaded TargetPlatform 'IOSClient'
[2020.11.29-18.44.30:727][  0]LogTargetPlatformManager: Display: Loaded TargetPlatform 'IOS'
[2020.11.29-18.44.30:835][  0]LogTargetPlatformManager: Display: Loaded TargetPlatform 'Linux'
[2020.11.29-18.44.30:870][  0]LogTargetPlatformManager: Display: Loaded TargetPlatform 'LinuxNoEditor'
[2020.11.29-18.44.30:931][  0]LogTargetPlatformManager: Display: Loaded TargetPlatform 'LinuxClient'
[2020.11.29-18.44.30:960][  0]LogTargetPlatformManager: Display: Loaded TargetPlatform 'LinuxServer'
[2020.11.29-18.44.31:040][  0]LogTargetPlatformManager: Display: Loaded TargetPlatform 'LinuxAArch64NoEditor'
[2020.11.29-18.44.31:086][  0]LogTargetPlatformManager: Display: Loaded TargetPlatform 'LinuxAArch64Client'
[2020.11.29-18.44.31:126][  0]LogTargetPlatformManager: Display: Loaded TargetPlatform 'LinuxAArch64Server'
[2020.11.29-18.44.31:284][  0]LogTargetPlatformManager: Display: Loaded TargetPlatform 'Lumin'
[2020.11.29-18.44.31:284][  0]LogTargetPlatformManager: Display: Loaded TargetPlatform 'LuminClient'
[2020.11.29-18.44.31:338][  0]LogTargetPlatformManager: Display: Loaded TargetPlatform 'TVOSClient'
[2020.11.29-18.44.31:338][  0]LogTargetPlatformManager: Display: Loaded TargetPlatform 'TVOS'
[2020.11.29-18.44.31:388][  0]LogTargetPlatformManager: Display: Loaded TargetPlatform 'WindowsNoEditor'
[2020.11.29-18.44.31:461][  0]LogTargetPlatformManager: Display: Loaded TargetPlatform 'Windows'
[2020.11.29-18.44.31:496][  0]LogTargetPlatformManager: Display: Loaded TargetPlatform 'WindowsClient'
[2020.11.29-18.44.31:558][  0]LogTargetPlatformManager: Display: Loaded TargetPlatform 'WindowsServer'
[2020.11.29-18.44.31:558][  0]LogTargetPlatformManager: Display: Building Assets For Windows
[2020.11.29-18.44.32:017][  0]LogAudioDebug: Display: Lib vorbis DLL was dynamically loaded.
[2020.11.29-18.44.33:833][  0]LogShaderCompilers: Guid format shader working directory is -20 characters bigger than the processId version (../../../../../../Users/TOMER/Documents/Unreal Projects/ToonTanks/Intermediate/Shaders/WorkingDirectory/10340/).
[2020.11.29-18.44.33:833][  0]LogShaderCompilers: Cleaned the shader compiler working directory 'C:/Users/TOMER/AppData/Local/Temp/UnrealShaderWorkingDir/28A690694D0545DADE27F3BD0C17F534/'.
[2020.11.29-18.44.33:875][  0]LogXGEController: Cleaning working directory: C:/Users/TOMER/AppData/Local/Temp/UnrealXGEWorkingDir/
[2020.11.29-18.44.33:875][  0]LogXGEController: Cannot use XGE Controller as Incredibuild is not installed on this machine.
[2020.11.29-18.44.33:876][  0]LogShaderCompilers: Cannot use XGE Shader Compiler as Incredibuild is not installed on this machine.
[2020.11.29-18.44.33:876][  0]LogShaderCompilers: Display: Using Local Shader Compiler.
[2020.11.29-18.44.44:621][  0]LogDerivedDataCache: Display: Max Cache Size: 512 MB
[2020.11.29-18.44.45:261][  0]LogDerivedDataCache: Loaded boot cache 0.64s 75MB C:/Users/TOMER/AppData/Local/UnrealEngine/4.25/DerivedDataCache/Boot.ddc.
[2020.11.29-18.44.45:261][  0]LogDerivedDataCache: Display: Loaded Boot cache: C:/Users/TOMER/AppData/Local/UnrealEngine/4.25/DerivedDataCache/Boot.ddc
[2020.11.29-18.44.45:261][  0]LogDerivedDataCache: FDerivedDataBackendGraph:  Pak pak cache file ../../../../../../Users/TOMER/Documents/Unreal Projects/ToonTanks/DerivedDataCache/DDC.ddp not found, will not use a pak cache.
[2020.11.29-18.44.45:262][  0]LogDerivedDataCache: Unable to find inner node Pak for hierarchical cache Hierarchy.
[2020.11.29-18.44.45:262][  0]LogDerivedDataCache: FDerivedDataBackendGraph:  CompressedPak pak cache file ../../../../../../Users/TOMER/Documents/Unreal Projects/ToonTanks/DerivedDataCache/Compressed.ddp not found, will not use a pak cache.
[2020.11.29-18.44.45:262][  0]LogDerivedDataCache: Unable to find inner node CompressedPak for hierarchical cache Hierarchy.
[2020.11.29-18.44.45:389][  0]LogDerivedDataCache: Display: Pak cache opened for reading ../../../Engine/DerivedDataCache/Compressed.ddp.
[2020.11.29-18.44.45:389][  0]LogDerivedDataCache: FDerivedDataBackendGraph:  EnterprisePak pak cache file ../../../Enterprise/DerivedDataCache/Compressed.ddp not found, will not use a pak cache.
[2020.11.29-18.44.45:390][  0]LogDerivedDataCache: Unable to find inner node EnterprisePak for hierarchical cache Hierarchy.
[2020.11.29-18.44.45:411][  0]LogDerivedDataCache: Using Local data cache path C:/Users/TOMER/AppData/Local/UnrealEngine/Common/DerivedDataCache: Writable
[2020.11.29-18.44.45:411][  0]LogDerivedDataCache: Shared data cache path not found in *engine.ini, will not use an Shared cache.
[2020.11.29-18.44.45:411][  0]LogDerivedDataCache: Unable to find inner node Shared for hierarchical cache Hierarchy.
[2020.11.29-18.44.45:524][  0]LogSlate: Using FreeType 2.10.0
[2020.11.29-18.44.45:610][  0]LogSlate: SlateFontServices - WITH_FREETYPE: 1, WITH_HARFBUZZ: 1
[2020.11.29-18.44.47:065][  0]LogAssetRegistry: FAssetRegistry took 0.0287 seconds to start up
[2020.11.29-18.44.53:728][  0]LogInit: Selected Device Profile: [Windows]
[2020.11.29-18.44.57:645][  0]LogMeshReduction: Using QuadricMeshReduction for automatic static mesh reduction
[2020.11.29-18.44.57:645][  0]LogMeshReduction: Using SimplygonMeshReduction for automatic skeletal mesh reduction
[2020.11.29-18.44.57:645][  0]LogMeshReduction: Using ProxyLODMeshReduction for automatic mesh merging
[2020.11.29-18.44.57:646][  0]LogMeshReduction: No distributed automatic mesh merging module available
[2020.11.29-18.44.57:696][  0]LogMeshMerging: No distributed automatic mesh merging module available
[2020.11.29-18.44.58:134][  0]LogNetVersion: ToonTanks 1.0.0, NetCL: 13144385, EngineNetVer: 14, GameNetVer: 0 (Checksum: 281104731)
[2020.11.29-18.45.14:645][  0]LogAISub: UAISubsystem::UAISubsystem AISubsystem (00000247A951E880), frame # 0
[2020.11.29-18.45.14:645][  0]LogAISub: UAISubsystem::UAISubsystem AIPerceptionSystem (00000247A93C2AC0), frame # 0
[2020.11.29-18.45.14:659][  0]LogAISub: UAISubsystem::UAISubsystem EnvQueryManager (00000247A93FDC00), frame # 0
[2020.11.29-18.45.15:364][  0]LogPackageLocalizationCache: Processed 19 localized package path(s) for 1 prioritized culture(s) in 0.114005 seconds
[2020.11.29-18.45.15:399][  0]LogUObjectArray: 15913 objects as part of root set at end of initial load.
[2020.11.29-18.45.15:407][  0]LogUObjectAllocator: 3964304 out of 0 bytes used by permanent object pool.
[2020.11.29-18.45.15:407][  0]LogUObjectArray: CloseDisregardForGC: 0/0 objects in disregard for GC pool
[2020.11.29-18.45.23:212][  0]LogTcpMessaging: Initializing TcpMessaging bridge
[2020.11.29-18.45.23:395][  0]LogUdpMessaging: Initializing bridge on interface 0.0.0.0:0 to multicast group 230.0.0.1:6666.
[2020.11.29-18.45.25:104][  0]SourceControl: Source control is disabled
[2020.11.29-18.45.25:104][  0]SourceControl: Source control is disabled
[2020.11.29-18.45.25:233][  0]SourceControl: Source control is disabled
[2020.11.29-18.45.25:358][  0]SourceControl: Source control is disabled
[2020.11.29-18.45.25:628][  0]SourceControl: Source control is disabled
[2020.11.29-18.45.32:779][  0]LogAndroidPermission: UAndroidPermissionCallbackProxy::GetInstance
[2020.11.29-18.45.33:510][  0]LogAudioCaptureCore: Display: No Audio Capture implementations found. Audio input will be silent.
[2020.11.29-18.45.33:510][  0]LogAudioCaptureCore: Display: No Audio Capture implementations found. Audio input will be silent.
[2020.11.29-18.45.34:814][  0]LogOcInput: OculusInput pre-init called
[2020.11.29-18.45.35:433][  0]LogWindows: Failed to load 'OVRPlugin.dll' (GetLastError=126)
[2020.11.29-18.45.35:433][  0]LogWindows: File 'OVRPlugin.dll' does not exist
[2020.11.29-18.45.36:944][  0]LogEngine: Initializing Engine...
[2020.11.29-18.45.37:000][  0]LogHMD: Failed to initialize OpenVR with code 110
[2020.11.29-18.45.37:000][  0]LogMagicLeap: Warning: VR disabled because ZI is not enabled.  To enable, in the editor, Edit -> Project Settings -> Plugins -> Magic Leap Plugin -> Enable Zero Iteration
[2020.11.29-18.45.37:004][  0]LogStats: UGameplayTagsManager::InitializeManager -  0.001 s
[2020.11.29-18.45.37:933][  0]LogInit: Initializing FReadOnlyCVARCache
[2020.11.29-18.45.38:171][  0]LogAIModule: Creating AISystem for world Untitled
[2020.11.29-18.45.38:171][  0]LogAISub: UAISubsystem::UAISubsystem EnvQueryManager (00000247ADA6BC00), frame # 0
[2020.11.29-18.45.38:171][  0]LogAISub: UAISubsystem::UAISubsystem AIPerceptionSystem (00000247ADAB6340), frame # 0
[2020.11.29-18.45.38:256][  0]LogAudioMixer: Display: Audio Mixer Platform Settings:
[2020.11.29-18.45.38:256][  0]LogAudioMixer: Display: 	Sample Rate:						  48000
[2020.11.29-18.45.38:256][  0]LogAudioMixer: Display: 	Callback Buffer Frame Size Requested: 1024
[2020.11.29-18.45.38:256][  0]LogAudioMixer: Display: 	Callback Buffer Frame Size To Use:	  1024
[2020.11.29-18.45.38:256][  0]LogAudioMixer: Display: 	Number of buffers to queue:			  2
[2020.11.29-18.45.38:256][  0]LogAudioMixer: Display: 	Max Channels (voices):				  32
[2020.11.29-18.45.38:256][  0]LogAudioMixer: Display: 	Number of Async Source Workers:		  0
[2020.11.29-18.45.38:256][  0]LogAudio: Display: AudioDevice MaxSources: 32
[2020.11.29-18.45.38:256][  0]LogAudio: Display: Using built-in audio occlusion.
[2020.11.29-18.45.38:256][  0]LogAudioMixer: Display: Initializing audio mixer.
[2020.11.29-18.45.38:425][  0]LogAudioMixer: Display: 0: FrontLeft
[2020.11.29-18.45.38:425][  0]LogAudioMixer: Display: 1: FrontRight
[2020.11.29-18.45.38:526][  0]LogAudioMixer: Display: Using Audio Device S32D850-8 (NVIDIA High Definition Audio)
[2020.11.29-18.45.38:526][  0]LogAudioMixer: Display: Initializing Sound Submixes...
[2020.11.29-18.45.38:572][  0]LogAudioMixer: Display: Creating Master Submix 'MasterSubmixDefault'
[2020.11.29-18.45.38:572][  0]LogAudioMixer: Display: Creating Master Submix 'MasterReverbSubmixDefault'
[2020.11.29-18.45.38:574][  0]LogAudioMixer: Display: Creating Master Submix 'MasterEQSubmixDefault'
[2020.11.29-18.45.38:575][  0]LogInit: FAudioDevice initialized.
[2020.11.29-18.45.38:575][  0]LogNetVersion: Set ProjectVersion to 1.0.0.0. Version Checksum will be recalculated on next use.
[2020.11.29-18.45.38:811][  0]LogDerivedDataCache: Saved boot cache 0.24s 75MB C:/Users/TOMER/AppData/Local/UnrealEngine/4.25/DerivedDataCache/Boot.ddc.
[2020.11.29-18.45.38:815][  0]LogInit: Texture streaming: Enabled
[2020.11.29-18.45.39:904][  0]LogEngineSessionManager: EngineSessionManager initialized
[2020.11.29-18.45.39:904][  0]LogEditorSessionSummary: Verbose: Initializing EditorSessionSummaryWriter for editor session tracking
[2020.11.29-18.45.39:913][  0]LogEditorSessionSummary: EditorSessionSummaryWriter initialized
[2020.11.29-18.45.40:239][  0]LogInit: Transaction tracking system initialized
[2020.11.29-18.45.41:183][  0]BlueprintLog: New page: Editor Load
[2020.11.29-18.45.44:019][  0]LocalizationService: Localization service is disabled
[2020.11.29-18.45.52:051][  0]LogFileCache: Scanning file cache for directory 'C:/Users/TOMER/Documents/Unreal Projects/ToonTanks/Content/' took 0.01s
[2020.11.29-18.45.52:051][  0]LogCook: Display: Max memory allowance for cook 16384mb min free memory 0mb
[2020.11.29-18.45.52:052][  0]LogCook: Display: Mobile HDR setting 1
[2020.11.29-18.45.59:933][  0]SourceControl: Source control is disabled
[2020.11.29-18.45.59:933][  0]LogUnrealEdMisc: Loading editor; pre map load, took 146.889
[2020.11.29-18.45.59:992][  0]Cmd: MAP LOAD FILE="../../../../../../Users/TOMER/Documents/Unreal Projects/ToonTanks/Content/Maps/Main.umap" TEMPLATE=0 SHOWPROGRESS=1 FEATURELEVEL=3
[2020.11.29-18.46.00:088][  0]LightingResults: New page: Lighting Build
[2020.11.29-18.46.00:109][  0]LogWorld: UWorld::CleanupWorld for Untitled, bSessionEnded=true, bCleanupResources=true
[2020.11.29-18.46.00:109][  0]LogSlate: InvalidateAllWidgets triggered.  All widgets were invalidated
[2020.11.29-18.46.00:109][  0]MapCheck: New page: Map Check
[2020.11.29-18.46.00:109][  0]LightingResults: New page: Lighting Build
[2020.11.29-18.46.00:128][  0]LogAISub: UAISubsystem::~UAISubsystem EnvQueryManager (00000247ADA6BC00), frame # 0
[2020.11.29-18.46.00:128][  0]LogAISub: UAISubsystem::~UAISubsystem AIPerceptionSystem (00000247ADAB6340), frame # 0
[2020.11.29-18.46.00:131][  0]LogUObjectHash: Compacting FUObjectHashTables data took   2.76ms
[2020.11.29-18.46.02:103][  0]LogAIModule: Creating AISystem for world Main
[2020.11.29-18.46.02:103][  0]LogAISub: UAISubsystem::UAISubsystem EnvQueryManager (00000247ACC9BE00), frame # 0
[2020.11.29-18.46.02:103][  0]LogAISub: UAISubsystem::UAISubsystem AIPerceptionSystem (00000247A88CF380), frame # 0
[2020.11.29-18.46.02:611][  0]LogEditorServer: Finished looking for orphan Actors (0.000 secs)
[2020.11.29-18.46.02:641][  0]LogUObjectHash: Compacting FUObjectHashTables data took   2.15ms
[2020.11.29-18.46.02:680][  0]Cmd: MAP CHECKDEP NOCLEARLOG
[2020.11.29-18.46.02:687][  0]MapCheck: Map check complete: 0 Error(s), 0 Warning(s), took 0.383ms to complete.
[2020.11.29-18.46.02:687][  0]LogFileHelpers: Loading map 'Main' took 2.695
[2020.11.29-18.46.02:716][  0]LogUnrealEdMisc: Total Editor Startup Time, took 149.672
[2020.11.29-18.46.03:359][  0]LogSlate: Updating window title bar state: overlay mode, drag disabled, window buttons hidden, title bar hidden
[2020.11.29-18.46.03:383][  0]LogSlate: Updating window title bar state: overlay mode, drag disabled, window buttons hidden, title bar hidden
[2020.11.29-18.46.03:394][  0]LogSlate: Updating window title bar state: overlay mode, drag disabled, window buttons hidden, title bar hidden
[2020.11.29-18.46.03:405][  0]LogSlate: Updating window title bar state: overlay mode, drag disabled, window buttons hidden, title bar hidden
[2020.11.29-18.46.03:575][  0]LogCollectionManager: Loaded 0 collections in 0.005217 seconds
[2020.11.29-18.46.03:631][  0]LogFileCache: Scanning file cache for directory 'C:/Users/TOMER/Documents/Unreal Projects/ToonTanks/Saved/Collections/' took 0.00s
[2020.11.29-18.46.03:631][  0]LogFileCache: Scanning file cache for directory 'C:/Users/TOMER/Documents/Unreal Projects/ToonTanks/Content/Developers/TOMER/Collections/' took 0.00s
[2020.11.29-18.46.03:631][  0]LogFileCache: Scanning file cache for directory 'C:/Users/TOMER/Documents/Unreal Projects/ToonTanks/Content/Collections/' took 0.00s
[2020.11.29-18.46.03:631][  0]LogContentBrowser: Native class hierarchy populated in 0.0320 seconds. Added 3431 classes and 825 folders.
[2020.11.29-18.46.03:852][  0]LogContentBrowser: Native class hierarchy updated for 'WidgetCarousel' in 0.0008 seconds. Added 0 classes and 0 folders.
[2020.11.29-18.46.06:374][  0]LogContentBrowser: Native class hierarchy updated for 'AddContentDialog' in 0.0005 seconds. Added 0 classes and 0 folders.
[2020.11.29-18.46.06:536][  0]LogContentBrowser: Native class hierarchy updated for 'SceneOutliner' in 0.0006 seconds. Added 2 classes and 0 folders.
[2020.11.29-18.46.06:675][  0]LogContentBrowser: Native class hierarchy updated for 'HierarchicalLODOutliner' in 0.0006 seconds. Added 0 classes and 0 folders.
[2020.11.29-18.46.06:675][  0]LogLoad: (Engine Initialization) Total time: 153.63 seconds
[2020.11.29-18.46.06:675][  0]LogLoad: (Engine Initialization) Total Blueprint compile time: 0.00 seconds
[2020.11.29-18.46.06:993][  0]LogAssetRegistry: Asset discovery search completed in 79.9289 seconds
[2020.11.29-18.46.06:997][  0]LogCollectionManager: Fixed up redirectors for 0 collections in 0.000004 seconds (updated 0 objects)
[2020.11.29-18.46.07:017][  0]LogContentStreaming: Texture pool size now 1000 MB
[2020.11.29-18.46.07:047][  0]LogSlate: Took 0.015210 seconds to synchronously load lazily loaded font '../../../Engine/Content/Slate/Fonts/Roboto-Regular.ttf' (155K)
[2020.11.29-18.46.07:069][  0]LogSlate: Took 0.020381 seconds to synchronously load lazily loaded font '../../../Engine/Content/Slate/Fonts/Roboto-Bold.ttf' (160K)
[2020.11.29-18.46.07:087][  0]LogSlate: Took 0.013289 seconds to synchronously load lazily loaded font '../../../Engine/Content/Editor/Slate/Fonts/FontAwesome.ttf' (139K)
[2020.11.29-18.46.07:688][  1]LogRenderer: Reallocating scene render targets to support 804x416 Format 10 NumSamples 1 (Frame:1).
[2020.11.29-18.58.58:242][412]LogRenderer: Reallocating scene render targets to support 804x916 Format 10 NumSamples 1 (Frame:125).
[2020.11.29-19.20.40:605][345]LogTemp: Repeating last play command: Selected Viewport
[2020.11.29-19.20.40:726][345]LogPlayLevel: PlayLevel: No blueprints needed recompiling
[2020.11.29-19.20.40:842][345]PIE: New page: PIE session: Main (29 בנוב׳ 2020, 23:20:40)
[2020.11.29-19.20.40:890][345]LogOnline: OSS: Creating online subsystem instance for: NULL
[2020.11.29-19.20.40:894][345]LogOnline: OSS: TryLoadSubsystemAndSetDefault: Loaded subsystem for module [NULL]
[2020.11.29-19.20.40:927][345]LogPlayLevel: Creating play world package: /Game/Maps/UEDPIE_0_Main
[2020.11.29-19.20.41:058][345]LogPlayLevel: PIE: StaticDuplicateObject took: (0.130515s)
[2020.11.29-19.20.41:072][345]LogAIModule: Creating AISystem for world Main
[2020.11.29-19.20.41:072][345]LogAISub: UAISubsystem::UAISubsystem EnvQueryManager (00000247BFD58A00), frame # 8345
[2020.11.29-19.20.41:072][345]LogAISub: UAISubsystem::UAISubsystem AIPerceptionSystem (00000247BFD2FD80), frame # 8345
[2020.11.29-19.20.41:072][345]LogPlayLevel: PIE: World Init took: (0.014752s)
[2020.11.29-19.20.41:073][345]LogPlayLevel: PIE: Created PIE world by copying editor world from /Game/Maps/Main.Main to /Game/Maps/UEDPIE_0_Main.Main (0.146143s)
[2020.11.29-19.20.41:093][345]LogUObjectHash: Compacting FUObjectHashTables data took   1.87ms
[2020.11.29-19.20.41:099][345]LogAudioMixer: Display: Audio Mixer Platform Settings:
[2020.11.29-19.20.41:100][345]LogAudioMixer: Display: 	Sample Rate:						  48000
[2020.11.29-19.20.41:100][345]LogAudioMixer: Display: 	Callback Buffer Frame Size Requested: 1024
[2020.11.29-19.20.41:100][345]LogAudioMixer: Display: 	Callback Buffer Frame Size To Use:	  1024
[2020.11.29-19.20.41:100][345]LogAudioMixer: Display: 	Number of buffers to queue:			  2
[2020.11.29-19.20.41:100][345]LogAudioMixer: Display: 	Max Channels (voices):				  32
[2020.11.29-19.20.41:100][345]LogAudioMixer: Display: 	Number of Async Source Workers:		  0
[2020.11.29-19.20.41:100][345]LogAudio: Display: AudioDevice MaxSources: 32
[2020.11.29-19.20.41:101][345]LogAudio: Display: Using built-in audio occlusion.
[2020.11.29-19.20.41:101][345]LogAudioMixer: Display: Initializing audio mixer.
[2020.11.29-19.20.41:121][345]LogAudioMixer: Display: 0: FrontLeft
[2020.11.29-19.20.41:121][345]LogAudioMixer: Display: 1: FrontRight
[2020.11.29-19.20.41:181][345]LogAudioMixer: Display: Using Audio Device S32D850-8 (NVIDIA High Definition Audio)
[2020.11.29-19.20.41:181][345]LogAudioMixer: Display: Initializing Sound Submixes...
[2020.11.29-19.20.41:182][345]LogAudioMixer: Display: Creating Master Submix 'MasterSubmixDefault'
[2020.11.29-19.20.41:182][345]LogAudioMixer: Display: Creating Master Submix 'MasterReverbSubmixDefault'
[2020.11.29-19.20.41:182][345]LogAudioMixer: Display: Creating Master Submix 'MasterEQSubmixDefault'
[2020.11.29-19.20.41:196][345]LogInit: FAudioDevice initialized.
[2020.11.29-19.20.41:348][345]LogLoad: Game class is 'GameModeBase'
[2020.11.29-19.20.41:442][345]LogWorld: Bringing World /Game/Maps/UEDPIE_0_Main.Main up for play (max tick rate 0) at 2020.11.29-21.20.41
[2020.11.29-19.20.41:570][345]LogWorld: Bringing up level for play took: 0.128576
[2020.11.29-19.20.41:572][345]LogOnline: OSS: Creating online subsystem instance for: :Context_3
[2020.11.29-19.20.41:848][345]LogContentBrowser: Native class hierarchy updated for 'MovieSceneCapture' in 0.0013 seconds. Added 20 classes and 0 folders.
[2020.11.29-19.20.41:937][345]PIE: Server logged in
[2020.11.29-19.20.41:944][345]PIE: Play in editor total start time 1.318 seconds.
[2020.11.29-19.20.52:067][490]LogSlate: Updating window title bar state: overlay mode, drag disabled, window buttons hidden, title bar hidden
[2020.11.29-19.20.52:067][490]LogWorld: BeginTearingDown for /Game/Maps/UEDPIE_0_Main
[2020.11.29-19.20.52:140][490]LogWorld: UWorld::CleanupWorld for Main, bSessionEnded=true, bCleanupResources=true
[2020.11.29-19.20.52:149][490]LogSlate: InvalidateAllWidgets triggered.  All widgets were invalidated
[2020.11.29-19.20.52:201][490]LogPlayLevel: Display: Shutting down PIE online subsystems
[2020.11.29-19.20.52:256][490]LogSlate: InvalidateAllWidgets triggered.  All widgets were invalidated
[2020.11.29-19.20.52:352][490]LogSlate: Updating window title bar state: overlay mode, drag disabled, window buttons hidden, title bar hidden
[2020.11.29-19.20.52:531][490]LogAISub: UAISubsystem::~UAISubsystem EnvQueryManager (00000247BFD58A00), frame # 9490
[2020.11.29-19.20.52:531][490]LogAISub: UAISubsystem::~UAISubsystem AIPerceptionSystem (00000247BFD2FD80), frame # 9490
[2020.11.29-19.20.52:577][490]LogUObjectHash: Compacting FUObjectHashTables data took   0.78ms
[2020.11.29-19.20.52:631][491]LogPlayLevel: Display: Destroying online subsystem :Context_3
[2020.11.29-19.21.29:987][950]LogSlate: Took 0.020158 seconds to synchronously load lazily loaded font '../../../Engine/Content/Slate/Fonts/Roboto-Light.ttf' (167K)
[2020.11.29-19.46.48:054][802]Candidate modules for hot reload:
[2020.11.29-19.46.48:054][802]  ToonTanks
[2020.11.29-19.46.48:054][802]Launching UnrealBuildTool... [C:/Program Files/Epic Games/UE_4.25/Engine/Binaries/DotNET/UnrealBuildTool.exe  -ModuleWithSuffix=ToonTanks,8049 ToonTanksEditor Win64 Development -Project="C:/Users/TOMER/Documents/Unreal Projects/ToonTanks/ToonTanks.uproject" "C:/Users/TOMER/Documents/Unreal Projects/ToonTanks/ToonTanks.uproject"  -IgnoreJunk]
[2020.11.29-19.46.48:058][802]Warning: Starting HotReload took  0.1s.
[2020.11.29-19.49.35:930][265]CompilerResultsLog: New page: Compilation - 29 בנוב׳ 2020, 23:49:35
[2020.11.29-19.49.35:962][265]CompilerResultsLog: Using 'git status' to determine working set for adaptive non-unity build (C:\Users\TOMER\Documents\Unreal Projects\ToonTanks).
[2020.11.29-19.49.35:962][265]CompilerResultsLog: Parsing headers for ToonTanksEditor
[2020.11.29-19.49.35:962][265]CompilerResultsLog:   Running UnrealHeaderTool "C:\Users\TOMER\Documents\Unreal Projects\ToonTanks\ToonTanks.uproject" "C:\Users\TOMER\Documents\Unreal Projects\ToonTanks\Intermediate\Build\Win64\ToonTanksEditor\Development\ToonTanksEditor.uhtmanifest" -LogCmds="loginit warning, logexit warning, logdatabase error" -Unattended -WarningsAsErrors -abslog="C:\Users\TOMER\AppData\Local\UnrealBuildTool\Log_UHT.txt" -installed
[2020.11.29-19.49.35:962][265]CompilerResultsLog: Reflection code generated for ToonTanksEditor in 62.4368955 seconds
[2020.11.29-19.49.35:962][265]CompilerResultsLog: Building ToonTanksEditor...
[2020.11.29-19.49.35:962][265]CompilerResultsLog: Using Visual Studio 2019 14.26.28806 toolchain (C:\Program Files (x86)\Microsoft Visual Studio\2019\Community\VC\Tools\MSVC\14.26.28801) and Windows 10.0.18362.0 SDK (C:\Program Files (x86)\Windows Kits\10).
[2020.11.29-19.49.35:962][265]CompilerResultsLog: Building 7 actions with 8 processes...
[2020.11.29-19.49.35:962][265]CompilerResultsLog:   [1/7] PawnBase.cpp
[2020.11.29-19.49.35:962][265]CompilerResultsLog:   [2/7] ToonTanks.init.gen.cpp
[2020.11.29-19.49.35:963][265]CompilerResultsLog:   [3/7] ProjectileBase.cpp
[2020.11.29-19.49.35:963][265]CompilerResultsLog:   [4/7] ProjectileBase.gen.cpp
[2020.11.29-19.49.35:963][265]CompilerResultsLog:   [5/7] UE4Editor-ToonTanks-8049.lib
[2020.11.29-19.49.35:963][265]CompilerResultsLog:      Creating library C:\Users\TOMER\Documents\Unreal Projects\ToonTanks\Intermediate\Build\Win64\UE4Editor\Development\ToonTanks\UE4Editor-ToonTanks-8049.lib and object C:\Users\TOMER\Documents\Unreal Projects\ToonTanks\Intermediate\Build\Win64\UE4Editor\Development\ToonTanks\UE4Editor-ToonTanks-8049.exp
[2020.11.29-19.49.35:963][265]CompilerResultsLog:   [6/7] UE4Editor-ToonTanks-8049.dll
[2020.11.29-19.49.35:963][265]CompilerResultsLog:      Creating library C:\Users\TOMER\Documents\Unreal Projects\ToonTanks\Intermediate\Build\Win64\UE4Editor\Development\ToonTanks\UE4Editor-ToonTanks-8049.suppressed.lib and object C:\Users\TOMER\Documents\Unreal Projects\ToonTanks\Intermediate\Build\Win64\UE4Editor\Development\ToonTanks\UE4Editor-ToonTanks-8049.suppressed.exp
[2020.11.29-19.49.35:963][265]CompilerResultsLog:   [7/7] ToonTanksEditor.target
[2020.11.29-19.49.35:963][265]CompilerResultsLog: Total time in Parallel executor: 101.86 seconds
[2020.11.29-19.49.35:963][265]CompilerResultsLog: Total execution time: 167.65 seconds
[2020.11.29-19.49.35:963][265]LogMainFrame: MainFrame: Module compiling took 167.998 seconds
[2020.11.29-19.49.36:441][265]LogClass: Could not find existing class ProjectileBase in package /Script/ToonTanks for HotReload, assuming new class
[2020.11.29-19.49.36:441][265]LogClass: Function OnHit is new.
[2020.11.29-19.49.36:509][265]LogHotReload: Re-instancing ProjectileBase after hot-reload.
[2020.11.29-19.49.37:393][265]LogContentBrowser: Native class hierarchy updated for 'ToonTanks' in 0.0014 seconds. Added 4 classes and 4 folders.
[2020.11.29-19.49.37:400][265]Display: HotReload successful (0 functions remapped  0 scriptstructs remapped)
[2020.11.29-19.49.38:325][265]LogContentBrowser: Native class hierarchy populated in 0.0206 seconds. Added 3431 classes and 825 folders.
[2020.11.29-19.49.38:394][265]Display: HotReload took 170.4s.
[2020.11.29-19.53.08:176][892]LogHttp: Warning: 00000247BFBF7900: request has been successfully processed. URL: https://datarouter.ol.epicgames.com/datarouter/api/v1/public/data?SessionID=%7B351F4F3D-4332-A3ED-0C04-C4B80840E2EC%7D&AppID=UEEditor.Rocket.Release&AppVersion=4.25.3-13942748%2B%2B%2BUE4%2BRelease-4.25&UserID=710442714ecb20f658b2dd88dda1e7ac%7C81325e88f49245bbbcdf41a0f82c5195%7C6054167d-189a-47cf-ad4b-de43a8ef08d9&AppEnvironment=datacollector-source&UploadType=eteventstream, HTTP code: 502, content length: 122, actual payload size: 122, elapsed: 0.65s
[2020.11.29-19.53.08:176][892]LogHttp: Warning: 00000247BFBF7900 Response Header Server: awselb/2.0
[2020.11.29-19.53.08:176][892]LogHttp: Warning: 00000247BFBF7900 Response Header Date: Sun, 29 Nov 2020 19:53:07 GMT
[2020.11.29-19.53.08:176][892]LogHttp: Warning: 00000247BFBF7900 Response Header Content-Type: text/html
[2020.11.29-19.53.08:176][892]LogHttp: Warning: 00000247BFBF7900 Response Header Content-Length: 122
[2020.11.29-19.53.08:176][892]LogHttp: Warning: 00000247BFBF7900 Response Header Connection: keep-alive
[2020.11.29-19.55.59:964][786]LogTemp: Repeating last play command: Selected Viewport
[2020.11.29-19.55.59:990][786]LogPlayLevel: PlayLevel: No blueprints needed recompiling
[2020.11.29-19.55.59:990][786]PIE: New page: PIE session: Main (29 בנוב׳ 2020, 23:55:59)
[2020.11.29-19.56.00:030][786]LogPlayLevel: Creating play world package: /Game/Maps/UEDPIE_0_Main
[2020.11.29-19.56.00:034][786]LogPlayLevel: PIE: StaticDuplicateObject took: (0.004123s)
[2020.11.29-19.56.00:035][786]LogAIModule: Creating AISystem for world Main
[2020.11.29-19.56.00:035][786]LogAISub: UAISubsystem::UAISubsystem EnvQueryManager (00000247B9387E00), frame # 20786
[2020.11.29-19.56.00:035][786]LogAISub: UAISubsystem::UAISubsystem AIPerceptionSystem (00000247BFD2E340), frame # 20786
[2020.11.29-19.56.00:036][786]LogPlayLevel: PIE: World Init took: (0.001751s)
[2020.11.29-19.56.00:036][786]LogPlayLevel: PIE: Created PIE world by copying editor world from /Game/Maps/Main.Main to /Game/Maps/UEDPIE_0_Main.Main (0.006044s)
[2020.11.29-19.56.00:057][786]LogUObjectHash: Compacting FUObjectHashTables data took   1.43ms
[2020.11.29-19.56.00:060][786]LogAudioMixer: Display: Audio Mixer Platform Settings:
[2020.11.29-19.56.00:060][786]LogAudioMixer: Display: 	Sample Rate:						  48000
[2020.11.29-19.56.00:060][786]LogAudioMixer: Display: 	Callback Buffer Frame Size Requested: 1024
[2020.11.29-19.56.00:060][786]LogAudioMixer: Display: 	Callback Buffer Frame Size To Use:	  1024
[2020.11.29-19.56.00:060][786]LogAudioMixer: Display: 	Number of buffers to queue:			  2
[2020.11.29-19.56.00:060][786]LogAudioMixer: Display: 	Max Channels (voices):				  32
[2020.11.29-19.56.00:060][786]LogAudioMixer: Display: 	Number of Async Source Workers:		  0
[2020.11.29-19.56.00:060][786]LogAudio: Display: AudioDevice MaxSources: 32
[2020.11.29-19.56.00:061][786]LogAudio: Display: Using built-in audio occlusion.
[2020.11.29-19.56.00:061][786]LogAudioMixer: Display: Initializing audio mixer.
[2020.11.29-19.56.00:070][786]LogAudioMixer: Display: 0: FrontLeft
[2020.11.29-19.56.00:070][786]LogAudioMixer: Display: 1: FrontRight
[2020.11.29-19.56.00:095][786]LogAudioMixer: Display: Using Audio Device S32D850-8 (NVIDIA High Definition Audio)
[2020.11.29-19.56.00:096][786]LogAudioMixer: Display: Initializing Sound Submixes...
[2020.11.29-19.56.00:096][786]LogAudioMixer: Display: Creating Master Submix 'MasterSubmixDefault'
[2020.11.29-19.56.00:096][786]LogAudioMixer: Display: Creating Master Submix 'MasterReverbSubmixDefault'
[2020.11.29-19.56.00:097][786]LogAudioMixer: Display: Creating Master Submix 'MasterEQSubmixDefault'
[2020.11.29-19.56.00:109][786]LogInit: FAudioDevice initialized.
[2020.11.29-19.56.00:117][786]LogLoad: Game class is 'GameModeBase'
[2020.11.29-19.56.00:119][786]LogWorld: Bringing World /Game/Maps/UEDPIE_0_Main.Main up for play (max tick rate 0) at 2020.11.29-21.56.00
[2020.11.29-19.56.00:120][786]LogWorld: Bringing up level for play took: 0.001691
[2020.11.29-19.56.00:120][786]LogOnline: OSS: Creating online subsystem instance for: :Context_4
[2020.11.29-19.56.00:123][786]PIE: Server logged in
[2020.11.29-19.56.00:123][786]PIE: Play in editor total start time 0.139 seconds.
[2020.11.29-19.56.20:260][189]LogSlate: Updating window title bar state: overlay mode, drag disabled, window buttons hidden, title bar hidden
[2020.11.29-19.56.20:260][189]LogWorld: BeginTearingDown for /Game/Maps/UEDPIE_0_Main
[2020.11.29-19.56.20:260][189]LogWorld: UWorld::CleanupWorld for Main, bSessionEnded=true, bCleanupResources=true
[2020.11.29-19.56.20:260][189]LogSlate: InvalidateAllWidgets triggered.  All widgets were invalidated
[2020.11.29-19.56.20:270][189]LogPlayLevel: Display: Shutting down PIE online subsystems
[2020.11.29-19.56.20:272][189]LogSlate: InvalidateAllWidgets triggered.  All widgets were invalidated
[2020.11.29-19.56.20:297][189]LogSlate: Updating window title bar state: overlay mode, drag disabled, window buttons hidden, title bar hidden
[2020.11.29-19.56.20:306][189]LogAISub: UAISubsystem::~UAISubsystem AIPerceptionSystem (00000247BFD2E340), frame # 23189
[2020.11.29-19.56.20:306][189]LogAISub: UAISubsystem::~UAISubsystem EnvQueryManager (00000247B9387E00), frame # 23189
[2020.11.29-19.56.20:307][189]LogUObjectHash: Compacting FUObjectHashTables data took   0.93ms
[2020.11.29-19.56.20:348][190]LogPlayLevel: Display: Destroying online subsystem :Context_4
[2020.11.29-19.59.33:774][120]Candidate modules for hot reload:
[2020.11.29-19.59.33:774][120]  ToonTanks
[2020.11.29-19.59.33:774][120]Launching UnrealBuildTool... [C:/Program Files/Epic Games/UE_4.25/Engine/Binaries/DotNET/UnrealBuildTool.exe  -ModuleWithSuffix=ToonTanks,1429 ToonTanksEditor Win64 Development -Project="C:/Users/TOMER/Documents/Unreal Projects/ToonTanks/ToonTanks.uproject" "C:/Users/TOMER/Documents/Unreal Projects/ToonTanks/ToonTanks.uproject"  -IgnoreJunk]
[2020.11.29-19.59.33:778][120]Warning: Starting HotReload took  0.0s.
[2020.11.29-19.59.42:057][355]CompilerResultsLog: New page: Compilation - 29 בנוב׳ 2020, 23:59:42
[2020.11.29-19.59.42:057][355]CompilerResultsLog: Using 'git status' to determine working set for adaptive non-unity build (C:\Users\TOMER\Documents\Unreal Projects\ToonTanks).
[2020.11.29-19.59.42:057][355]CompilerResultsLog: Building ToonTanksEditor...
[2020.11.29-19.59.42:057][355]CompilerResultsLog: Using Visual Studio 2019 14.26.28806 toolchain (C:\Program Files (x86)\Microsoft Visual Studio\2019\Community\VC\Tools\MSVC\14.26.28801) and Windows 10.0.18362.0 SDK (C:\Program Files (x86)\Windows Kits\10).
[2020.11.29-19.59.42:057][355]CompilerResultsLog: Building 4 actions with 8 processes...
[2020.11.29-19.59.42:057][355]CompilerResultsLog:   [1/4] ProjectileBase.cpp
[2020.11.29-19.59.42:057][355]CompilerResultsLog:   [2/4] UE4Editor-ToonTanks-1429.lib
[2020.11.29-19.59.42:057][355]CompilerResultsLog:      Creating library C:\Users\TOMER\Documents\Unreal Projects\ToonTanks\Intermediate\Build\Win64\UE4Editor\Development\ToonTanks\UE4Editor-ToonTanks-1429.lib and object C:\Users\TOMER\Documents\Unreal Projects\ToonTanks\Intermediate\Build\Win64\UE4Editor\Development\ToonTanks\UE4Editor-ToonTanks-1429.exp
[2020.11.29-19.59.42:057][355]CompilerResultsLog:   [3/4] UE4Editor-ToonTanks-1429.dll
[2020.11.29-19.59.42:057][355]CompilerResultsLog:      Creating library C:\Users\TOMER\Documents\Unreal Projects\ToonTanks\Intermediate\Build\Win64\UE4Editor\Development\ToonTanks\UE4Editor-ToonTanks-1429.suppressed.lib and object C:\Users\TOMER\Documents\Unreal Projects\ToonTanks\Intermediate\Build\Win64\UE4Editor\Development\ToonTanks\UE4Editor-ToonTanks-1429.suppressed.exp
[2020.11.29-19.59.42:058][355]CompilerResultsLog:   [4/4] ToonTanksEditor.target
[2020.11.29-19.59.42:058][355]CompilerResultsLog: Total time in Parallel executor: 6.90 seconds
[2020.11.29-19.59.42:058][355]CompilerResultsLog: Total execution time: 8.15 seconds
[2020.11.29-19.59.42:058][355]LogMainFrame: MainFrame: Module compiling took 8.288 seconds
[2020.11.29-19.59.42:089][355]LogHotReload: Re-instancing ProjectileBase after hot-reload.
[2020.11.29-19.59.42:111][355]LogContentBrowser: Native class hierarchy updated for 'ToonTanks' in 0.0006 seconds. Added 4 classes and 4 folders.
[2020.11.29-19.59.42:113][355]Display: HotReload successful (1 functions remapped  0 scriptstructs remapped)
[2020.11.29-19.59.42:171][355]LogContentBrowser: Native class hierarchy populated in 0.0168 seconds. Added 3431 classes and 825 folders.
[2020.11.29-19.59.42:171][355]Display: HotReload took  8.4s.
[2020.11.29-19.59.47:832][486]LogTemp: Repeating last play command: Selected Viewport
[2020.11.29-19.59.47:858][486]LogPlayLevel: PlayLevel: No blueprints needed recompiling
[2020.11.29-19.59.47:859][486]PIE: New page: PIE session: Main (29 בנוב׳ 2020, 23:59:47)
[2020.11.29-19.59.47:887][486]LogPlayLevel: Creating play world package: /Game/Maps/UEDPIE_0_Main
[2020.11.29-19.59.47:891][486]LogPlayLevel: PIE: StaticDuplicateObject took: (0.004410s)
[2020.11.29-19.59.47:893][486]LogAIModule: Creating AISystem for world Main
[2020.11.29-19.59.47:893][486]LogAISub: UAISubsystem::UAISubsystem EnvQueryManager (00000247B8BDF600), frame # 24486
[2020.11.29-19.59.47:893][486]LogAISub: UAISubsystem::UAISubsystem AIPerceptionSystem (00000247BFCF3880), frame # 24486
[2020.11.29-19.59.47:893][486]LogPlayLevel: PIE: World Init took: (0.002053s)
[2020.11.29-19.59.47:893][486]LogPlayLevel: PIE: Created PIE world by copying editor world from /Game/Maps/Main.Main to /Game/Maps/UEDPIE_0_Main.Main (0.006683s)
[2020.11.29-19.59.47:903][486]LogUObjectHash: Compacting FUObjectHashTables data took   1.09ms
[2020.11.29-19.59.47:905][486]LogAudioMixer: Display: Audio Mixer Platform Settings:
[2020.11.29-19.59.47:905][486]LogAudioMixer: Display: 	Sample Rate:						  48000
[2020.11.29-19.59.47:905][486]LogAudioMixer: Display: 	Callback Buffer Frame Size Requested: 1024
[2020.11.29-19.59.47:905][486]LogAudioMixer: Display: 	Callback Buffer Frame Size To Use:	  1024
[2020.11.29-19.59.47:905][486]LogAudioMixer: Display: 	Number of buffers to queue:			  2
[2020.11.29-19.59.47:905][486]LogAudioMixer: Display: 	Max Channels (voices):				  32
[2020.11.29-19.59.47:905][486]LogAudioMixer: Display: 	Number of Async Source Workers:		  0
[2020.11.29-19.59.47:905][486]LogAudio: Display: AudioDevice MaxSources: 32
[2020.11.29-19.59.47:906][486]LogAudio: Display: Using built-in audio occlusion.
[2020.11.29-19.59.47:906][486]LogAudioMixer: Display: Initializing audio mixer.
[2020.11.29-19.59.47:914][486]LogAudioMixer: Display: 0: FrontLeft
[2020.11.29-19.59.47:914][486]LogAudioMixer: Display: 1: FrontRight
[2020.11.29-19.59.47:939][486]LogAudioMixer: Display: Using Audio Device S32D850-8 (NVIDIA High Definition Audio)
[2020.11.29-19.59.47:939][486]LogAudioMixer: Display: Initializing Sound Submixes...
[2020.11.29-19.59.47:940][486]LogAudioMixer: Display: Creating Master Submix 'MasterSubmixDefault'
[2020.11.29-19.59.47:940][486]LogAudioMixer: Display: Creating Master Submix 'MasterReverbSubmixDefault'
[2020.11.29-19.59.47:941][486]LogAudioMixer: Display: Creating Master Submix 'MasterEQSubmixDefault'
[2020.11.29-19.59.47:953][486]LogInit: FAudioDevice initialized.
[2020.11.29-19.59.47:963][486]LogLoad: Game class is 'GameModeBase'
[2020.11.29-19.59.47:964][486]LogWorld: Bringing World /Game/Maps/UEDPIE_0_Main.Main up for play (max tick rate 0) at 2020.11.29-21.59.47
[2020.11.29-19.59.47:964][486]LogWorld: Bringing up level for play took: 0.001350
[2020.11.29-19.59.47:965][486]LogOnline: OSS: Creating online subsystem instance for: :Context_5
[2020.11.29-19.59.47:967][486]PIE: Server logged in
[2020.11.29-19.59.47:968][486]PIE: Play in editor total start time 0.114 seconds.
[2020.11.29-20.00.17:437][  1]LogSlate: Updating window title bar state: overlay mode, drag disabled, window buttons hidden, title bar hidden
[2020.11.29-20.00.17:437][  1]LogWorld: BeginTearingDown for /Game/Maps/UEDPIE_0_Main
[2020.11.29-20.00.17:437][  1]LogWorld: UWorld::CleanupWorld for Main, bSessionEnded=true, bCleanupResources=true
[2020.11.29-20.00.17:455][  1]LogSlate: InvalidateAllWidgets triggered.  All widgets were invalidated
[2020.11.29-20.00.17:467][  1]LogPlayLevel: Display: Shutting down PIE online subsystems
[2020.11.29-20.00.17:468][  1]LogSlate: InvalidateAllWidgets triggered.  All widgets were invalidated
[2020.11.29-20.00.17:493][  1]LogSlate: Updating window title bar state: overlay mode, drag disabled, window buttons hidden, title bar hidden
[2020.11.29-20.00.17:494][  1]LogAISub: UAISubsystem::~UAISubsystem AIPerceptionSystem (00000247BFCF3880), frame # 28001
[2020.11.29-20.00.17:494][  1]LogAISub: UAISubsystem::~UAISubsystem EnvQueryManager (00000247B8BDF600), frame # 28001
[2020.11.29-20.00.17:495][  1]LogUObjectHash: Compacting FUObjectHashTables data took   0.91ms
[2020.11.29-20.00.17:535][  2]LogPlayLevel: Display: Destroying online subsystem :Context_5
[2020.11.29-20.00.28:058][108]Cmd: OBJ SAVEPACKAGE PACKAGE="/Game/Maps/Main" FILE="../../../../../../Users/TOMER/Documents/Unreal Projects/ToonTanks/Content/Maps/Main.umap" SILENT=true AUTOSAVING=false KEEPDIRTY=false
[2020.11.29-20.00.28:094][108]LogUObjectHash: Compacting FUObjectHashTables data took   0.76ms
[2020.11.29-20.00.28:346][108]LogSavePackage: Moving '../../../../../../Users/TOMER/Documents/Unreal Projects/ToonTanks/Saved/Main7A7BD4FB46FABD70421926A0296EE9D2.tmp' to '../../../../../../Users/TOMER/Documents/Unreal Projects/ToonTanks/Content/Maps/Main.umap'
[2020.11.29-20.00.28:440][108]Cmd: OBJ SAVEPACKAGE PACKAGE="/Game/Maps/Main_BuiltData" FILE="../../../../../../Users/TOMER/Documents/Unreal Projects/ToonTanks/Content/Maps/Main_BuiltData.uasset" SILENT=true
[2020.11.29-20.00.28:572][108]LogSavePackage: Moving '../../../../../../Users/TOMER/Documents/Unreal Projects/ToonTanks/Saved/Main_BuiltDataC6BF8E86486398ACFA2320BFED692AF3.tmp' to '../../../../../../Users/TOMER/Documents/Unreal Projects/ToonTanks/Content/Maps/Main_BuiltData.uasset'
[2020.11.29-20.00.28:590][108]AssetCheck: New page: Asset Save: multiple assets
[2020.11.29-20.00.28:590][108]LogContentValidation: Display: Validating World /Game/Maps/Main.Main
[2020.11.29-20.00.28:590][108]LogContentValidation: Display: Validating MapBuildDataRegistry /Game/Maps/Main_BuiltData.Main_BuiltData
[2020.11.29-20.01.18:255][197]LogAssetEditorSubsystem: Opening Asset editor for Blueprint /Game/Blueprints/Actors/BP_ProjectileBase.BP_ProjectileBase
[2020.11.29-20.01.19:473][197]LogContentBrowser: Native class hierarchy updated for 'BlueprintGraph' in 0.0018 seconds. Added 125 classes and 0 folders.
[2020.11.29-20.01.43:442][120]LogSlate: Window 'BP_ProjectileBase' being destroyed
[2020.11.29-20.01.43:646][120]LogWorld: UWorld::CleanupWorld for World_3, bSessionEnded=true, bCleanupResources=true
[2020.11.29-20.01.43:646][120]LogSlate: InvalidateAllWidgets triggered.  All widgets were invalidated
[2020.11.29-20.01.45:195][120]LogAssetEditorSubsystem: Opening Asset editor for Blueprint /Game/Blueprints/Actors/BP_ProjectileBase.BP_ProjectileBase
[2020.11.29-20.01.47:790][120]LogSlate: Took 0.027068 seconds to synchronously load lazily loaded font '../../../Engine/Content/Slate/Fonts/Roboto-BoldCondensed.ttf' (158K)
